{"timestamp":"2026-05-30T14:12:47.080270Z","level":"info","event":"Filling up the DagBag from /opt/airflow/dags/etl2.py","logger":"airflow.dag_processing.dagbag.BundleDagBag","filename":"dagbag.py","lineno":469}
{"timestamp":"2026-05-30T14:12:47.105086Z","level":"warning","event":"The `airflow.decorators.dag` attribute is deprecated. Please use `'airflow.sdk.dag'`.","category":"UserWarning","filename":"/opt/airflow/dags/etl2.py","lineno":5,"logger":"py.warnings"}
{"timestamp":"2026-05-30T14:12:47.105223Z","level":"warning","event":"The `airflow.decorators.task` attribute is deprecated. Please use `'airflow.sdk.task'`.","category":"UserWarning","filename":"/opt/airflow/dags/etl2.py","lineno":5,"logger":"py.warnings"}
{"timestamp":"2026-05-30T14:13:17.641774Z","level":"info","event":"Filling up the DagBag from /opt/airflow/dags/etl2.py","logger":"airflow.dag_processing.dagbag.BundleDagBag","filename":"dagbag.py","lineno":469}
{"timestamp":"2026-05-30T14:13:17.654653Z","level":"warning","event":"The `airflow.decorators.dag` attribute is deprecated. Please use `'airflow.sdk.dag'`.","category":"UserWarning","filename":"/opt/airflow/dags/etl2.py","lineno":5,"logger":"py.warnings"}
{"timestamp":"2026-05-30T14:13:17.654739Z","level":"warning","event":"The `airflow.decorators.task` attribute is deprecated. Please use `'airflow.sdk.task'`.","category":"UserWarning","filename":"/opt/airflow/dags/etl2.py","lineno":5,"logger":"py.warnings"}
{"timestamp":"2026-05-30T14:13:48.420166Z","level":"info","event":"Filling up the DagBag from /opt/airflow/dags/etl2.py","logger":"airflow.dag_processing.dagbag.BundleDagBag","filename":"dagbag.py","lineno":469}
{"timestamp":"2026-05-30T14:13:48.439909Z","level":"warning","event":"The `airflow.decorators.dag` attribute is deprecated. Please use `'airflow.sdk.dag'`.","category":"UserWarning","filename":"/opt/airflow/dags/etl2.py","lineno":5,"logger":"py.warnings"}
{"timestamp":"2026-05-30T14:13:48.440025Z","level":"warning","event":"The `airflow.decorators.task` attribute is deprecated. Please use `'airflow.sdk.task'`.","category":"UserWarning","filename":"/opt/airflow/dags/etl2.py","lineno":5,"logger":"py.warnings"}
{"timestamp":"2026-05-30T14:14:18.902697Z","level":"info","event":"Filling up the DagBag from /opt/airflow/dags/etl2.py","logger":"airflow.dag_processing.dagbag.BundleDagBag","filename":"dagbag.py","lineno":469}
{"timestamp":"2026-05-30T14:14:18.921932Z","level":"warning","event":"The `airflow.decorators.dag` attribute is deprecated. Please use `'airflow.sdk.dag'`.","category":"UserWarning","filename":"/opt/airflow/dags/etl2.py","lineno":5,"logger":"py.warnings"}
{"timestamp":"2026-05-30T14:14:18.922059Z","level":"warning","event":"The `airflow.decorators.task` attribute is deprecated. Please use `'airflow.sdk.task'`.","category":"UserWarning","filename":"/opt/airflow/dags/etl2.py","lineno":5,"logger":"py.warnings"}
{"timestamp":"2026-05-30T14:14:49.393058Z","level":"info","event":"Filling up the DagBag from /opt/airflow/dags/etl2.py","logger":"airflow.dag_processing.dagbag.BundleDagBag","filename":"dagbag.py","lineno":469}
{"timestamp":"2026-05-30T14:14:49.406921Z","level":"warning","event":"The `airflow.decorators.dag` attribute is deprecated. Please use `'airflow.sdk.dag'`.","category":"UserWarning","filename":"/opt/airflow/dags/etl2.py","lineno":5,"logger":"py.warnings"}
{"timestamp":"2026-05-30T14:14:49.408020Z","level":"warning","event":"The `airflow.decorators.task` attribute is deprecated. Please use `'airflow.sdk.task'`.","category":"UserWarning","filename":"/opt/airflow/dags/etl2.py","lineno":5,"logger":"py.warnings"}
{"timestamp":"2026-05-30T14:15:20.279733Z","level":"info","event":"Filling up the DagBag from /opt/airflow/dags/etl2.py","logger":"airflow.dag_processing.dagbag.BundleDagBag","filename":"dagbag.py","lineno":469}
{"timestamp":"2026-05-30T14:15:20.295632Z","level":"warning","event":"The `airflow.decorators.dag` attribute is deprecated. Please use `'airflow.sdk.dag'`.","category":"UserWarning","filename":"/opt/airflow/dags/etl2.py","lineno":5,"logger":"py.warnings"}
{"timestamp":"2026-05-30T14:15:20.295867Z","level":"warning","event":"The `airflow.decorators.task` attribute is deprecated. Please use `'airflow.sdk.task'`.","category":"UserWarning","filename":"/opt/airflow/dags/etl2.py","lineno":5,"logger":"py.warnings"}
{"timestamp":"2026-05-30T14:15:48.812158Z","level":"info","event":"Filling up the DagBag from /opt/airflow/dags/etl2.py","logger":"airflow.dag_processing.dagbag.BundleDagBag","filename":"dagbag.py","lineno":469}
{"timestamp":"2026-05-30T14:15:48.830775Z","level":"warning","event":"The `airflow.decorators.dag` attribute is deprecated. Please use `'airflow.sdk.dag'`.","category":"UserWarning","filename":"/opt/airflow/dags/etl2.py","lineno":5,"logger":"py.warnings"}
{"timestamp":"2026-05-30T14:15:48.830864Z","level":"warning","event":"The `airflow.decorators.task` attribute is deprecated. Please use `'airflow.sdk.task'`.","category":"UserWarning","filename":"/opt/airflow/dags/etl2.py","lineno":5,"logger":"py.warnings"}
{"timestamp":"2026-05-30T14:16:19.284973Z","level":"info","event":"Filling up the DagBag from /opt/airflow/dags/etl2.py","logger":"airflow.dag_processing.dagbag.BundleDagBag","filename":"dagbag.py","lineno":469}
{"timestamp":"2026-05-30T14:16:19.299938Z","level":"warning","event":"The `airflow.decorators.dag` attribute is deprecated. Please use `'airflow.sdk.dag'`.","category":"UserWarning","filename":"/opt/airflow/dags/etl2.py","lineno":5,"logger":"py.warnings"}
{"timestamp":"2026-05-30T14:16:19.300023Z","level":"warning","event":"The `airflow.decorators.task` attribute is deprecated. Please use `'airflow.sdk.task'`.","category":"UserWarning","filename":"/opt/airflow/dags/etl2.py","lineno":5,"logger":"py.warnings"}
{"timestamp":"2026-05-30T14:16:49.454413Z","level":"info","event":"Filling up the DagBag from /opt/airflow/dags/etl2.py","logger":"airflow.dag_processing.dagbag.BundleDagBag","filename":"dagbag.py","lineno":469}
{"timestamp":"2026-05-30T14:16:49.469481Z","level":"warning","event":"The `airflow.decorators.dag` attribute is deprecated. Please use `'airflow.sdk.dag'`.","category":"UserWarning","filename":"/opt/airflow/dags/etl2.py","lineno":5,"logger":"py.warnings"}
{"timestamp":"2026-05-30T14:16:49.469589Z","level":"warning","event":"The `airflow.decorators.task` attribute is deprecated. Please use `'airflow.sdk.task'`.","category":"UserWarning","filename":"/opt/airflow/dags/etl2.py","lineno":5,"logger":"py.warnings"}
{"timestamp":"2026-05-30T14:17:20.068074Z","level":"info","event":"Filling up the DagBag from /opt/airflow/dags/etl2.py","logger":"airflow.dag_processing.dagbag.BundleDagBag","filename":"dagbag.py","lineno":469}
{"timestamp":"2026-05-30T14:17:20.082005Z","level":"warning","event":"The `airflow.decorators.dag` attribute is deprecated. Please use `'airflow.sdk.dag'`.","category":"UserWarning","filename":"/opt/airflow/dags/etl2.py","lineno":5,"logger":"py.warnings"}
{"timestamp":"2026-05-30T14:17:20.082089Z","level":"warning","event":"The `airflow.decorators.task` attribute is deprecated. Please use `'airflow.sdk.task'`.","category":"UserWarning","filename":"/opt/airflow/dags/etl2.py","lineno":5,"logger":"py.warnings"}
{"timestamp":"2026-05-30T14:17:42.947780Z","level":"info","event":"Filling up the DagBag from /opt/airflow/dags/etl2.py","logger":"airflow.dag_processing.dagbag.BundleDagBag","filename":"dagbag.py","lineno":469}
{"timestamp":"2026-05-30T14:17:42.976621Z","level":"warning","event":"The `airflow.decorators.dag` attribute is deprecated. Please use `'airflow.sdk.dag'`.","category":"UserWarning","filename":"/opt/airflow/dags/etl2.py","lineno":5,"logger":"py.warnings"}
{"timestamp":"2026-05-30T14:17:42.976774Z","level":"warning","event":"The `airflow.decorators.task` attribute is deprecated. Please use `'airflow.sdk.task'`.","category":"UserWarning","filename":"/opt/airflow/dags/etl2.py","lineno":5,"logger":"py.warnings"}
{"timestamp":"2026-05-30T14:18:13.353590Z","level":"info","event":"Filling up the DagBag from /opt/airflow/dags/etl2.py","logger":"airflow.dag_processing.dagbag.BundleDagBag","filename":"dagbag.py","lineno":469}
{"timestamp":"2026-05-30T14:18:13.378756Z","level":"warning","event":"The `airflow.decorators.dag` attribute is deprecated. Please use `'airflow.sdk.dag'`.","category":"UserWarning","filename":"/opt/airflow/dags/etl2.py","lineno":5,"logger":"py.warnings"}
{"timestamp":"2026-05-30T14:18:13.378874Z","level":"warning","event":"The `airflow.decorators.task` attribute is deprecated. Please use `'airflow.sdk.task'`.","category":"UserWarning","filename":"/opt/airflow/dags/etl2.py","lineno":5,"logger":"py.warnings"}
{"timestamp":"2026-05-30T14:18:44.004819Z","level":"info","event":"Filling up the DagBag from /opt/airflow/dags/etl2.py","logger":"airflow.dag_processing.dagbag.BundleDagBag","filename":"dagbag.py","lineno":469}
{"timestamp":"2026-05-30T14:18:44.029898Z","level":"warning","event":"The `airflow.decorators.dag` attribute is deprecated. Please use `'airflow.sdk.dag'`.","category":"UserWarning","filename":"/opt/airflow/dags/etl2.py","lineno":5,"logger":"py.warnings"}
{"timestamp":"2026-05-30T14:18:44.030718Z","level":"warning","event":"The `airflow.decorators.task` attribute is deprecated. Please use `'airflow.sdk.task'`.","category":"UserWarning","filename":"/opt/airflow/dags/etl2.py","lineno":5,"logger":"py.warnings"}
{"timestamp":"2026-05-30T14:19:14.503300Z","level":"info","event":"Filling up the DagBag from /opt/airflow/dags/etl2.py","logger":"airflow.dag_processing.dagbag.BundleDagBag","filename":"dagbag.py","lineno":469}
{"timestamp":"2026-05-30T14:19:14.530966Z","level":"warning","event":"The `airflow.decorators.dag` attribute is deprecated. Please use `'airflow.sdk.dag'`.","category":"UserWarning","filename":"/opt/airflow/dags/etl2.py","lineno":5,"logger":"py.warnings"}
{"timestamp":"2026-05-30T14:19:14.531043Z","level":"warning","event":"The `airflow.decorators.task` attribute is deprecated. Please use `'airflow.sdk.task'`.","category":"UserWarning","filename":"/opt/airflow/dags/etl2.py","lineno":5,"logger":"py.warnings"}
{"timestamp":"2026-05-30T14:19:45.442763Z","level":"info","event":"Filling up the DagBag from /opt/airflow/dags/etl2.py","logger":"airflow.dag_processing.dagbag.BundleDagBag","filename":"dagbag.py","lineno":469}
{"timestamp":"2026-05-30T14:19:45.462890Z","level":"warning","event":"The `airflow.decorators.dag` attribute is deprecated. Please use `'airflow.sdk.dag'`.","category":"UserWarning","filename":"/opt/airflow/dags/etl2.py","lineno":5,"logger":"py.warnings"}
{"timestamp":"2026-05-30T14:19:45.463827Z","level":"warning","event":"The `airflow.decorators.task` attribute is deprecated. Please use `'airflow.sdk.task'`.","category":"UserWarning","filename":"/opt/airflow/dags/etl2.py","lineno":5,"logger":"py.warnings"}
{"timestamp":"2026-05-30T14:20:15.983162Z","level":"info","event":"Filling up the DagBag from /opt/airflow/dags/etl2.py","logger":"airflow.dag_processing.dagbag.BundleDagBag","filename":"dagbag.py","lineno":469}
{"timestamp":"2026-05-30T14:20:16.008803Z","level":"warning","event":"The `airflow.decorators.dag` attribute is deprecated. Please use `'airflow.sdk.dag'`.","category":"UserWarning","filename":"/opt/airflow/dags/etl2.py","lineno":5,"logger":"py.warnings"}
{"timestamp":"2026-05-30T14:20:16.008936Z","level":"warning","event":"The `airflow.decorators.task` attribute is deprecated. Please use `'airflow.sdk.task'`.","category":"UserWarning","filename":"/opt/airflow/dags/etl2.py","lineno":5,"logger":"py.warnings"}
{"timestamp":"2026-05-30T14:20:28.183798Z","level":"info","event":"Filling up the DagBag from /opt/airflow/dags/etl2.py","logger":"airflow.dag_processing.dagbag.BundleDagBag","filename":"dagbag.py","lineno":469}
{"timestamp":"2026-05-30T14:20:28.283496Z","level":"warning","event":"The `airflow.decorators.dag` attribute is deprecated. Please use `'airflow.sdk.dag'`.","category":"UserWarning","filename":"/opt/airflow/dags/etl2.py","lineno":6,"logger":"py.warnings"}
{"timestamp":"2026-05-30T14:20:28.283618Z","level":"warning","event":"The `airflow.decorators.task` attribute is deprecated. Please use `'airflow.sdk.task'`.","category":"UserWarning","filename":"/opt/airflow/dags/etl2.py","lineno":6,"logger":"py.warnings"}
{"timestamp":"2026-05-30T14:20:58.642070Z","level":"info","event":"Filling up the DagBag from /opt/airflow/dags/etl2.py","logger":"airflow.dag_processing.dagbag.BundleDagBag","filename":"dagbag.py","lineno":469}
{"timestamp":"2026-05-30T14:20:58.735719Z","level":"warning","event":"The `airflow.decorators.dag` attribute is deprecated. Please use `'airflow.sdk.dag'`.","category":"UserWarning","filename":"/opt/airflow/dags/etl2.py","lineno":6,"logger":"py.warnings"}
{"timestamp":"2026-05-30T14:20:58.735845Z","level":"warning","event":"The `airflow.decorators.task` attribute is deprecated. Please use `'airflow.sdk.task'`.","category":"UserWarning","filename":"/opt/airflow/dags/etl2.py","lineno":6,"logger":"py.warnings"}
{"timestamp":"2026-05-30T14:21:29.088247Z","level":"info","event":"Filling up the DagBag from /opt/airflow/dags/etl2.py","logger":"airflow.dag_processing.dagbag.BundleDagBag","filename":"dagbag.py","lineno":469}
{"timestamp":"2026-05-30T14:21:29.181284Z","level":"warning","event":"The `airflow.decorators.dag` attribute is deprecated. Please use `'airflow.sdk.dag'`.","category":"UserWarning","filename":"/opt/airflow/dags/etl2.py","lineno":6,"logger":"py.warnings"}
{"timestamp":"2026-05-30T14:21:29.181419Z","level":"warning","event":"The `airflow.decorators.task` attribute is deprecated. Please use `'airflow.sdk.task'`.","category":"UserWarning","filename":"/opt/airflow/dags/etl2.py","lineno":6,"logger":"py.warnings"}
{"timestamp":"2026-05-30T14:21:59.624485Z","level":"info","event":"Filling up the DagBag from /opt/airflow/dags/etl2.py","logger":"airflow.dag_processing.dagbag.BundleDagBag","filename":"dagbag.py","lineno":469}
{"timestamp":"2026-05-30T14:21:59.723187Z","level":"warning","event":"The `airflow.decorators.dag` attribute is deprecated. Please use `'airflow.sdk.dag'`.","category":"UserWarning","filename":"/opt/airflow/dags/etl2.py","lineno":6,"logger":"py.warnings"}
{"timestamp":"2026-05-30T14:21:59.723314Z","level":"warning","event":"The `airflow.decorators.task` attribute is deprecated. Please use `'airflow.sdk.task'`.","category":"UserWarning","filename":"/opt/airflow/dags/etl2.py","lineno":6,"logger":"py.warnings"}
{"timestamp":"2026-05-30T14:22:29.922307Z","level":"info","event":"Filling up the DagBag from /opt/airflow/dags/etl2.py","logger":"airflow.dag_processing.dagbag.BundleDagBag","filename":"dagbag.py","lineno":469}
{"timestamp":"2026-05-30T14:22:30.006826Z","level":"warning","event":"The `airflow.decorators.dag` attribute is deprecated. Please use `'airflow.sdk.dag'`.","category":"UserWarning","filename":"/opt/airflow/dags/etl2.py","lineno":6,"logger":"py.warnings"}
{"timestamp":"2026-05-30T14:22:30.006940Z","level":"warning","event":"The `airflow.decorators.task` attribute is deprecated. Please use `'airflow.sdk.task'`.","category":"UserWarning","filename":"/opt/airflow/dags/etl2.py","lineno":6,"logger":"py.warnings"}
{"timestamp":"2026-05-30T14:23:00.140476Z","level":"info","event":"Filling up the DagBag from /opt/airflow/dags/etl2.py","logger":"airflow.dag_processing.dagbag.BundleDagBag","filename":"dagbag.py","lineno":469}
{"timestamp":"2026-05-30T14:23:00.210674Z","level":"warning","event":"The `airflow.decorators.dag` attribute is deprecated. Please use `'airflow.sdk.dag'`.","category":"UserWarning","filename":"/opt/airflow/dags/etl2.py","lineno":6,"logger":"py.warnings"}
{"timestamp":"2026-05-30T14:23:00.210768Z","level":"warning","event":"The `airflow.decorators.task` attribute is deprecated. Please use `'airflow.sdk.task'`.","category":"UserWarning","filename":"/opt/airflow/dags/etl2.py","lineno":6,"logger":"py.warnings"}
{"timestamp":"2026-05-30T14:23:30.583266Z","level":"info","event":"Filling up the DagBag from /opt/airflow/dags/etl2.py","logger":"airflow.dag_processing.dagbag.BundleDagBag","filename":"dagbag.py","lineno":469}
{"timestamp":"2026-05-30T14:23:30.704011Z","level":"warning","event":"The `airflow.decorators.dag` attribute is deprecated. Please use `'airflow.sdk.dag'`.","category":"UserWarning","filename":"/opt/airflow/dags/etl2.py","lineno":6,"logger":"py.warnings"}
{"timestamp":"2026-05-30T14:23:30.705631Z","level":"warning","event":"The `airflow.decorators.task` attribute is deprecated. Please use `'airflow.sdk.task'`.","category":"UserWarning","filename":"/opt/airflow/dags/etl2.py","lineno":6,"logger":"py.warnings"}
{"timestamp":"2026-05-30T14:23:33.496629Z","level":"info","event":"Filling up the DagBag from /opt/airflow/dags/etl2.py","logger":"airflow.dag_processing.dagbag.BundleDagBag","filename":"dagbag.py","lineno":469}
{"timestamp":"2026-05-30T14:23:33.594845Z","level":"error","event":"Failed to import: /opt/airflow/dags/etl2.py","logger":"airflow.dag_processing.importers.python_importer","filename":"python_importer.py","lineno":244,"error_detail":[{"exc_type":"AttributeError","exc_value":"'GCSToBigQueryOperator' object has no attribute 'expand_kwargs'","exc_notes":[],"syntax_error":null,"is_cause":false,"frames":[{"filename":"/home/airflow/.local/lib/python3.13/site-packages/airflow/dag_processing/importers/python_importer.py","lineno":238,"name":"parse"},{"filename":"<frozen importlib._bootstrap_external>","lineno":1023,"name":"exec_module"},{"filename":"<frozen importlib._bootstrap>","lineno":488,"name":"_call_with_frames_removed"},{"filename":"/opt/airflow/dags/etl2.py","lineno":121,"name":"<module>"},{"filename":"/home/airflow/.local/lib/python3.13/site-packages/airflow/sdk/definitions/dag.py","lineno":1629,"name":"factory"},{"filename":"/opt/airflow/dags/etl2.py","lineno":117,"name":"etl_sales_data"}],"is_group":false,"exceptions":[]}]}
{"timestamp":"2026-05-30T14:23:33.600179Z","level":"error","event":"Error loading DAG from etl2.py: 'GCSToBigQueryOperator' object has no attribute 'expand_kwargs'","logger":"airflow.dag_processing.dagbag.BundleDagBag","filename":"dagbag.py","lineno":327}
{"timestamp":"2026-05-30T14:23:33.600355Z","level":"warning","event":"The `airflow.decorators.dag` attribute is deprecated. Please use `'airflow.sdk.dag'`.","category":"UserWarning","filename":"/opt/airflow/dags/etl2.py","lineno":6,"logger":"py.warnings"}
{"timestamp":"2026-05-30T14:23:33.600403Z","level":"warning","event":"The `airflow.decorators.task` attribute is deprecated. Please use `'airflow.sdk.task'`.","category":"UserWarning","filename":"/opt/airflow/dags/etl2.py","lineno":6,"logger":"py.warnings"}
{"timestamp":"2026-05-30T14:24:04.241988Z","level":"info","event":"Filling up the DagBag from /opt/airflow/dags/etl2.py","logger":"airflow.dag_processing.dagbag.BundleDagBag","filename":"dagbag.py","lineno":469}
{"timestamp":"2026-05-30T14:24:04.321662Z","level":"error","event":"Failed to import: /opt/airflow/dags/etl2.py","logger":"airflow.dag_processing.importers.python_importer","filename":"python_importer.py","lineno":244,"error_detail":[{"exc_type":"AttributeError","exc_value":"'GCSToBigQueryOperator' object has no attribute 'expand_kwargs'","exc_notes":[],"syntax_error":null,"is_cause":false,"frames":[{"filename":"/home/airflow/.local/lib/python3.13/site-packages/airflow/dag_processing/importers/python_importer.py","lineno":238,"name":"parse"},{"filename":"<frozen importlib._bootstrap_external>","lineno":1023,"name":"exec_module"},{"filename":"<frozen importlib._bootstrap>","lineno":488,"name":"_call_with_frames_removed"},{"filename":"/opt/airflow/dags/etl2.py","lineno":121,"name":"<module>"},{"filename":"/home/airflow/.local/lib/python3.13/site-packages/airflow/sdk/definitions/dag.py","lineno":1629,"name":"factory"},{"filename":"/opt/airflow/dags/etl2.py","lineno":117,"name":"etl_sales_data"}],"is_group":false,"exceptions":[]}]}
{"timestamp":"2026-05-30T14:24:04.325769Z","level":"error","event":"Error loading DAG from etl2.py: 'GCSToBigQueryOperator' object has no attribute 'expand_kwargs'","logger":"airflow.dag_processing.dagbag.BundleDagBag","filename":"dagbag.py","lineno":327}
{"timestamp":"2026-05-30T14:24:04.325944Z","level":"warning","event":"The `airflow.decorators.dag` attribute is deprecated. Please use `'airflow.sdk.dag'`.","category":"UserWarning","filename":"/opt/airflow/dags/etl2.py","lineno":6,"logger":"py.warnings"}
{"timestamp":"2026-05-30T14:24:04.325991Z","level":"warning","event":"The `airflow.decorators.task` attribute is deprecated. Please use `'airflow.sdk.task'`.","category":"UserWarning","filename":"/opt/airflow/dags/etl2.py","lineno":6,"logger":"py.warnings"}
{"timestamp":"2026-05-30T14:24:33.454685Z","level":"info","event":"Filling up the DagBag from /opt/airflow/dags/etl2.py","logger":"airflow.dag_processing.dagbag.BundleDagBag","filename":"dagbag.py","lineno":469}
{"timestamp":"2026-05-30T14:24:33.730719Z","level":"warning","event":"The `airflow.decorators.dag` attribute is deprecated. Please use `'airflow.sdk.dag'`.","category":"UserWarning","filename":"/opt/airflow/dags/etl2.py","lineno":6,"logger":"py.warnings"}
{"timestamp":"2026-05-30T14:24:33.730819Z","level":"warning","event":"The `airflow.decorators.task` attribute is deprecated. Please use `'airflow.sdk.task'`.","category":"UserWarning","filename":"/opt/airflow/dags/etl2.py","lineno":6,"logger":"py.warnings"}
{"timestamp":"2026-05-30T14:24:55.522583Z","level":"info","event":"Filling up the DagBag from /opt/airflow/dags/etl2.py","logger":"airflow.dag_processing.dagbag.BundleDagBag","filename":"dagbag.py","lineno":469}
{"timestamp":"2026-05-30T14:24:55.632346Z","level":"warning","event":"The `airflow.decorators.dag` attribute is deprecated. Please use `'airflow.sdk.dag'`.","category":"UserWarning","filename":"/opt/airflow/dags/etl2.py","lineno":6,"logger":"py.warnings"}
{"timestamp":"2026-05-30T14:24:55.632486Z","level":"warning","event":"The `airflow.decorators.task` attribute is deprecated. Please use `'airflow.sdk.task'`.","category":"UserWarning","filename":"/opt/airflow/dags/etl2.py","lineno":6,"logger":"py.warnings"}
{"timestamp":"2026-05-30T14:24:59.113375Z","level":"info","event":"Filling up the DagBag from /opt/airflow/dags/etl2.py","logger":"airflow.dag_processing.dagbag.BundleDagBag","filename":"dagbag.py","lineno":469}
{"timestamp":"2026-05-30T14:24:59.359512Z","level":"warning","event":"The `airflow.decorators.dag` attribute is deprecated. Please use `'airflow.sdk.dag'`.","category":"UserWarning","filename":"/opt/airflow/dags/etl2.py","lineno":6,"logger":"py.warnings"}
{"timestamp":"2026-05-30T14:24:59.359593Z","level":"warning","event":"The `airflow.decorators.task` attribute is deprecated. Please use `'airflow.sdk.task'`.","category":"UserWarning","filename":"/opt/airflow/dags/etl2.py","lineno":6,"logger":"py.warnings"}
{"timestamp":"2026-05-30T14:25:30.118897Z","level":"info","event":"Filling up the DagBag from /opt/airflow/dags/etl2.py","logger":"airflow.dag_processing.dagbag.BundleDagBag","filename":"dagbag.py","lineno":469}
{"timestamp":"2026-05-30T14:25:30.197893Z","level":"warning","event":"The `airflow.decorators.dag` attribute is deprecated. Please use `'airflow.sdk.dag'`.","category":"UserWarning","filename":"/opt/airflow/dags/etl2.py","lineno":6,"logger":"py.warnings"}
{"timestamp":"2026-05-30T14:25:30.197994Z","level":"warning","event":"The `airflow.decorators.task` attribute is deprecated. Please use `'airflow.sdk.task'`.","category":"UserWarning","filename":"/opt/airflow/dags/etl2.py","lineno":6,"logger":"py.warnings"}
{"timestamp":"2026-05-30T14:26:00.832367Z","level":"info","event":"Filling up the DagBag from /opt/airflow/dags/etl2.py","logger":"airflow.dag_processing.dagbag.BundleDagBag","filename":"dagbag.py","lineno":469}
{"timestamp":"2026-05-30T14:26:00.965862Z","level":"warning","event":"The `airflow.decorators.dag` attribute is deprecated. Please use `'airflow.sdk.dag'`.","category":"UserWarning","filename":"/opt/airflow/dags/etl2.py","lineno":6,"logger":"py.warnings"}
{"timestamp":"2026-05-30T14:26:00.968039Z","level":"warning","event":"The `airflow.decorators.task` attribute is deprecated. Please use `'airflow.sdk.task'`.","category":"UserWarning","filename":"/opt/airflow/dags/etl2.py","lineno":6,"logger":"py.warnings"}
{"timestamp":"2026-05-30T14:26:31.213465Z","level":"info","event":"Filling up the DagBag from /opt/airflow/dags/etl2.py","logger":"airflow.dag_processing.dagbag.BundleDagBag","filename":"dagbag.py","lineno":469}
{"timestamp":"2026-05-30T14:26:31.302128Z","level":"warning","event":"The `airflow.decorators.dag` attribute is deprecated. Please use `'airflow.sdk.dag'`.","category":"UserWarning","filename":"/opt/airflow/dags/etl2.py","lineno":6,"logger":"py.warnings"}
{"timestamp":"2026-05-30T14:26:31.302229Z","level":"warning","event":"The `airflow.decorators.task` attribute is deprecated. Please use `'airflow.sdk.task'`.","category":"UserWarning","filename":"/opt/airflow/dags/etl2.py","lineno":6,"logger":"py.warnings"}
{"timestamp":"2026-05-30T14:27:01.933332Z","level":"info","event":"Filling up the DagBag from /opt/airflow/dags/etl2.py","logger":"airflow.dag_processing.dagbag.BundleDagBag","filename":"dagbag.py","lineno":469}
{"timestamp":"2026-05-30T14:27:02.024528Z","level":"warning","event":"The `airflow.decorators.dag` attribute is deprecated. Please use `'airflow.sdk.dag'`.","category":"UserWarning","filename":"/opt/airflow/dags/etl2.py","lineno":6,"logger":"py.warnings"}
{"timestamp":"2026-05-30T14:27:02.024634Z","level":"warning","event":"The `airflow.decorators.task` attribute is deprecated. Please use `'airflow.sdk.task'`.","category":"UserWarning","filename":"/opt/airflow/dags/etl2.py","lineno":6,"logger":"py.warnings"}
{"timestamp":"2026-05-30T14:27:32.821009Z","level":"info","event":"Filling up the DagBag from /opt/airflow/dags/etl2.py","logger":"airflow.dag_processing.dagbag.BundleDagBag","filename":"dagbag.py","lineno":469}
{"timestamp":"2026-05-30T14:27:32.918884Z","level":"warning","event":"The `airflow.decorators.dag` attribute is deprecated. Please use `'airflow.sdk.dag'`.","category":"UserWarning","filename":"/opt/airflow/dags/etl2.py","lineno":6,"logger":"py.warnings"}
{"timestamp":"2026-05-30T14:27:32.919005Z","level":"warning","event":"The `airflow.decorators.task` attribute is deprecated. Please use `'airflow.sdk.task'`.","category":"UserWarning","filename":"/opt/airflow/dags/etl2.py","lineno":6,"logger":"py.warnings"}
{"timestamp":"2026-05-30T14:28:03.082989Z","level":"info","event":"Filling up the DagBag from /opt/airflow/dags/etl2.py","logger":"airflow.dag_processing.dagbag.BundleDagBag","filename":"dagbag.py","lineno":469}
{"timestamp":"2026-05-30T14:28:03.185258Z","level":"warning","event":"The `airflow.decorators.dag` attribute is deprecated. Please use `'airflow.sdk.dag'`.","category":"UserWarning","filename":"/opt/airflow/dags/etl2.py","lineno":6,"logger":"py.warnings"}
{"timestamp":"2026-05-30T14:28:03.185373Z","level":"warning","event":"The `airflow.decorators.task` attribute is deprecated. Please use `'airflow.sdk.task'`.","category":"UserWarning","filename":"/opt/airflow/dags/etl2.py","lineno":6,"logger":"py.warnings"}
{"timestamp":"2026-05-30T14:28:33.617324Z","level":"info","event":"Filling up the DagBag from /opt/airflow/dags/etl2.py","logger":"airflow.dag_processing.dagbag.BundleDagBag","filename":"dagbag.py","lineno":469}
{"timestamp":"2026-05-30T14:28:33.692726Z","level":"warning","event":"The `airflow.decorators.dag` attribute is deprecated. Please use `'airflow.sdk.dag'`.","category":"UserWarning","filename":"/opt/airflow/dags/etl2.py","lineno":6,"logger":"py.warnings"}
{"timestamp":"2026-05-30T14:28:33.692803Z","level":"warning","event":"The `airflow.decorators.task` attribute is deprecated. Please use `'airflow.sdk.task'`.","category":"UserWarning","filename":"/opt/airflow/dags/etl2.py","lineno":6,"logger":"py.warnings"}
{"timestamp":"2026-05-30T14:29:04.326502Z","level":"info","event":"Filling up the DagBag from /opt/airflow/dags/etl2.py","logger":"airflow.dag_processing.dagbag.BundleDagBag","filename":"dagbag.py","lineno":469}
{"timestamp":"2026-05-30T14:29:04.429043Z","level":"warning","event":"The `airflow.decorators.dag` attribute is deprecated. Please use `'airflow.sdk.dag'`.","category":"UserWarning","filename":"/opt/airflow/dags/etl2.py","lineno":6,"logger":"py.warnings"}
{"timestamp":"2026-05-30T14:29:04.429159Z","level":"warning","event":"The `airflow.decorators.task` attribute is deprecated. Please use `'airflow.sdk.task'`.","category":"UserWarning","filename":"/opt/airflow/dags/etl2.py","lineno":6,"logger":"py.warnings"}
{"timestamp":"2026-05-30T14:29:34.630917Z","level":"info","event":"Filling up the DagBag from /opt/airflow/dags/etl2.py","logger":"airflow.dag_processing.dagbag.BundleDagBag","filename":"dagbag.py","lineno":469}
{"timestamp":"2026-05-30T14:29:34.719516Z","level":"warning","event":"The `airflow.decorators.dag` attribute is deprecated. Please use `'airflow.sdk.dag'`.","category":"UserWarning","filename":"/opt/airflow/dags/etl2.py","lineno":6,"logger":"py.warnings"}
{"timestamp":"2026-05-30T14:29:34.719639Z","level":"warning","event":"The `airflow.decorators.task` attribute is deprecated. Please use `'airflow.sdk.task'`.","category":"UserWarning","filename":"/opt/airflow/dags/etl2.py","lineno":6,"logger":"py.warnings"}
{"timestamp":"2026-05-30T14:30:04.811854Z","level":"info","event":"Filling up the DagBag from /opt/airflow/dags/etl2.py","logger":"airflow.dag_processing.dagbag.BundleDagBag","filename":"dagbag.py","lineno":469}
{"timestamp":"2026-05-30T14:30:04.892647Z","level":"warning","event":"The `airflow.decorators.dag` attribute is deprecated. Please use `'airflow.sdk.dag'`.","category":"UserWarning","filename":"/opt/airflow/dags/etl2.py","lineno":6,"logger":"py.warnings"}
{"timestamp":"2026-05-30T14:30:04.892741Z","level":"warning","event":"The `airflow.decorators.task` attribute is deprecated. Please use `'airflow.sdk.task'`.","category":"UserWarning","filename":"/opt/airflow/dags/etl2.py","lineno":6,"logger":"py.warnings"}
{"timestamp":"2026-05-30T14:30:35.920073Z","level":"info","event":"Filling up the DagBag from /opt/airflow/dags/etl2.py","logger":"airflow.dag_processing.dagbag.BundleDagBag","filename":"dagbag.py","lineno":469}
{"timestamp":"2026-05-30T14:30:35.983863Z","level":"warning","event":"The `airflow.decorators.dag` attribute is deprecated. Please use `'airflow.sdk.dag'`.","category":"UserWarning","filename":"/opt/airflow/dags/etl2.py","lineno":6,"logger":"py.warnings"}
{"timestamp":"2026-05-30T14:30:35.983930Z","level":"warning","event":"The `airflow.decorators.task` attribute is deprecated. Please use `'airflow.sdk.task'`.","category":"UserWarning","filename":"/opt/airflow/dags/etl2.py","lineno":6,"logger":"py.warnings"}
{"timestamp":"2026-05-30T14:31:06.454171Z","level":"info","event":"Filling up the DagBag from /opt/airflow/dags/etl2.py","logger":"airflow.dag_processing.dagbag.BundleDagBag","filename":"dagbag.py","lineno":469}
{"timestamp":"2026-05-30T14:31:06.580874Z","level":"warning","event":"The `airflow.decorators.dag` attribute is deprecated. Please use `'airflow.sdk.dag'`.","category":"UserWarning","filename":"/opt/airflow/dags/etl2.py","lineno":6,"logger":"py.warnings"}
{"timestamp":"2026-05-30T14:31:06.582283Z","level":"warning","event":"The `airflow.decorators.task` attribute is deprecated. Please use `'airflow.sdk.task'`.","category":"UserWarning","filename":"/opt/airflow/dags/etl2.py","lineno":6,"logger":"py.warnings"}
{"timestamp":"2026-05-30T14:31:36.973951Z","level":"info","event":"Filling up the DagBag from /opt/airflow/dags/etl2.py","logger":"airflow.dag_processing.dagbag.BundleDagBag","filename":"dagbag.py","lineno":469}
{"timestamp":"2026-05-30T14:31:37.055170Z","level":"warning","event":"The `airflow.decorators.dag` attribute is deprecated. Please use `'airflow.sdk.dag'`.","category":"UserWarning","filename":"/opt/airflow/dags/etl2.py","lineno":6,"logger":"py.warnings"}
{"timestamp":"2026-05-30T14:31:37.055258Z","level":"warning","event":"The `airflow.decorators.task` attribute is deprecated. Please use `'airflow.sdk.task'`.","category":"UserWarning","filename":"/opt/airflow/dags/etl2.py","lineno":6,"logger":"py.warnings"}
{"timestamp":"2026-05-30T14:32:07.537002Z","level":"info","event":"Filling up the DagBag from /opt/airflow/dags/etl2.py","logger":"airflow.dag_processing.dagbag.BundleDagBag","filename":"dagbag.py","lineno":469}
{"timestamp":"2026-05-30T14:32:07.675441Z","level":"warning","event":"The `airflow.decorators.dag` attribute is deprecated. Please use `'airflow.sdk.dag'`.","category":"UserWarning","filename":"/opt/airflow/dags/etl2.py","lineno":6,"logger":"py.warnings"}
{"timestamp":"2026-05-30T14:32:07.675608Z","level":"warning","event":"The `airflow.decorators.task` attribute is deprecated. Please use `'airflow.sdk.task'`.","category":"UserWarning","filename":"/opt/airflow/dags/etl2.py","lineno":6,"logger":"py.warnings"}
{"timestamp":"2026-05-30T14:32:37.936062Z","level":"info","event":"Filling up the DagBag from /opt/airflow/dags/etl2.py","logger":"airflow.dag_processing.dagbag.BundleDagBag","filename":"dagbag.py","lineno":469}
{"timestamp":"2026-05-30T14:32:38.010982Z","level":"warning","event":"The `airflow.decorators.dag` attribute is deprecated. Please use `'airflow.sdk.dag'`.","category":"UserWarning","filename":"/opt/airflow/dags/etl2.py","lineno":6,"logger":"py.warnings"}
{"timestamp":"2026-05-30T14:32:38.011074Z","level":"warning","event":"The `airflow.decorators.task` attribute is deprecated. Please use `'airflow.sdk.task'`.","category":"UserWarning","filename":"/opt/airflow/dags/etl2.py","lineno":6,"logger":"py.warnings"}
{"timestamp":"2026-05-30T14:33:08.552412Z","level":"info","event":"Filling up the DagBag from /opt/airflow/dags/etl2.py","logger":"airflow.dag_processing.dagbag.BundleDagBag","filename":"dagbag.py","lineno":469}
{"timestamp":"2026-05-30T14:33:08.667133Z","level":"warning","event":"The `airflow.decorators.dag` attribute is deprecated. Please use `'airflow.sdk.dag'`.","category":"UserWarning","filename":"/opt/airflow/dags/etl2.py","lineno":6,"logger":"py.warnings"}
{"timestamp":"2026-05-30T14:33:08.667258Z","level":"warning","event":"The `airflow.decorators.task` attribute is deprecated. Please use `'airflow.sdk.task'`.","category":"UserWarning","filename":"/opt/airflow/dags/etl2.py","lineno":6,"logger":"py.warnings"}
{"timestamp":"2026-05-30T14:33:10.080370Z","level":"info","event":"Filling up the DagBag from /opt/airflow/dags/etl2.py","logger":"airflow.dag_processing.dagbag.BundleDagBag","filename":"dagbag.py","lineno":469}
{"timestamp":"2026-05-30T14:33:10.156889Z","level":"warning","event":"The `airflow.decorators.dag` attribute is deprecated. Please use `'airflow.sdk.dag'`.","category":"UserWarning","filename":"/opt/airflow/dags/etl2.py","lineno":6,"logger":"py.warnings"}
{"timestamp":"2026-05-30T14:33:10.156981Z","level":"warning","event":"The `airflow.decorators.task` attribute is deprecated. Please use `'airflow.sdk.task'`.","category":"UserWarning","filename":"/opt/airflow/dags/etl2.py","lineno":6,"logger":"py.warnings"}
{"timestamp":"2026-05-30T14:33:40.667714Z","level":"info","event":"Filling up the DagBag from /opt/airflow/dags/etl2.py","logger":"airflow.dag_processing.dagbag.BundleDagBag","filename":"dagbag.py","lineno":469}
{"timestamp":"2026-05-30T14:33:40.791798Z","level":"warning","event":"The `airflow.decorators.dag` attribute is deprecated. Please use `'airflow.sdk.dag'`.","category":"UserWarning","filename":"/opt/airflow/dags/etl2.py","lineno":6,"logger":"py.warnings"}
{"timestamp":"2026-05-30T14:33:40.791882Z","level":"warning","event":"The `airflow.decorators.task` attribute is deprecated. Please use `'airflow.sdk.task'`.","category":"UserWarning","filename":"/opt/airflow/dags/etl2.py","lineno":6,"logger":"py.warnings"}
{"timestamp":"2026-05-30T14:34:11.104266Z","level":"info","event":"Filling up the DagBag from /opt/airflow/dags/etl2.py","logger":"airflow.dag_processing.dagbag.BundleDagBag","filename":"dagbag.py","lineno":469}
{"timestamp":"2026-05-30T14:34:11.184439Z","level":"warning","event":"The `airflow.decorators.dag` attribute is deprecated. Please use `'airflow.sdk.dag'`.","category":"UserWarning","filename":"/opt/airflow/dags/etl2.py","lineno":6,"logger":"py.warnings"}
{"timestamp":"2026-05-30T14:34:11.184587Z","level":"warning","event":"The `airflow.decorators.task` attribute is deprecated. Please use `'airflow.sdk.task'`.","category":"UserWarning","filename":"/opt/airflow/dags/etl2.py","lineno":6,"logger":"py.warnings"}
{"timestamp":"2026-05-30T14:34:41.468803Z","level":"info","event":"Filling up the DagBag from /opt/airflow/dags/etl2.py","logger":"airflow.dag_processing.dagbag.BundleDagBag","filename":"dagbag.py","lineno":469}
{"timestamp":"2026-05-30T14:34:41.545246Z","level":"warning","event":"The `airflow.decorators.dag` attribute is deprecated. Please use `'airflow.sdk.dag'`.","category":"UserWarning","filename":"/opt/airflow/dags/etl2.py","lineno":6,"logger":"py.warnings"}
{"timestamp":"2026-05-30T14:34:41.545342Z","level":"warning","event":"The `airflow.decorators.task` attribute is deprecated. Please use `'airflow.sdk.task'`.","category":"UserWarning","filename":"/opt/airflow/dags/etl2.py","lineno":6,"logger":"py.warnings"}
{"timestamp":"2026-05-30T14:35:11.720640Z","level":"info","event":"Filling up the DagBag from /opt/airflow/dags/etl2.py","logger":"airflow.dag_processing.dagbag.BundleDagBag","filename":"dagbag.py","lineno":469}
{"timestamp":"2026-05-30T14:35:11.806420Z","level":"warning","event":"The `airflow.decorators.dag` attribute is deprecated. Please use `'airflow.sdk.dag'`.","category":"UserWarning","filename":"/opt/airflow/dags/etl2.py","lineno":6,"logger":"py.warnings"}
{"timestamp":"2026-05-30T14:35:11.806533Z","level":"warning","event":"The `airflow.decorators.task` attribute is deprecated. Please use `'airflow.sdk.task'`.","category":"UserWarning","filename":"/opt/airflow/dags/etl2.py","lineno":6,"logger":"py.warnings"}
{"timestamp":"2026-05-30T14:35:42.616691Z","level":"info","event":"Filling up the DagBag from /opt/airflow/dags/etl2.py","logger":"airflow.dag_processing.dagbag.BundleDagBag","filename":"dagbag.py","lineno":469}
{"timestamp":"2026-05-30T14:35:42.696887Z","level":"warning","event":"The `airflow.decorators.dag` attribute is deprecated. Please use `'airflow.sdk.dag'`.","category":"UserWarning","filename":"/opt/airflow/dags/etl2.py","lineno":6,"logger":"py.warnings"}
{"timestamp":"2026-05-30T14:35:42.697942Z","level":"warning","event":"The `airflow.decorators.task` attribute is deprecated. Please use `'airflow.sdk.task'`.","category":"UserWarning","filename":"/opt/airflow/dags/etl2.py","lineno":6,"logger":"py.warnings"}
{"timestamp":"2026-05-30T14:36:13.467942Z","level":"info","event":"Filling up the DagBag from /opt/airflow/dags/etl2.py","logger":"airflow.dag_processing.dagbag.BundleDagBag","filename":"dagbag.py","lineno":469}
{"timestamp":"2026-05-30T14:36:13.709591Z","level":"warning","event":"The `airflow.decorators.dag` attribute is deprecated. Please use `'airflow.sdk.dag'`.","category":"UserWarning","filename":"/opt/airflow/dags/etl2.py","lineno":6,"logger":"py.warnings"}
{"timestamp":"2026-05-30T14:36:13.709678Z","level":"warning","event":"The `airflow.decorators.task` attribute is deprecated. Please use `'airflow.sdk.task'`.","category":"UserWarning","filename":"/opt/airflow/dags/etl2.py","lineno":6,"logger":"py.warnings"}
{"timestamp":"2026-05-30T14:36:44.678303Z","level":"info","event":"Filling up the DagBag from /opt/airflow/dags/etl2.py","logger":"airflow.dag_processing.dagbag.BundleDagBag","filename":"dagbag.py","lineno":469}
{"timestamp":"2026-05-30T14:36:44.751953Z","level":"warning","event":"The `airflow.decorators.dag` attribute is deprecated. Please use `'airflow.sdk.dag'`.","category":"UserWarning","filename":"/opt/airflow/dags/etl2.py","lineno":6,"logger":"py.warnings"}
{"timestamp":"2026-05-30T14:36:44.752046Z","level":"warning","event":"The `airflow.decorators.task` attribute is deprecated. Please use `'airflow.sdk.task'`.","category":"UserWarning","filename":"/opt/airflow/dags/etl2.py","lineno":6,"logger":"py.warnings"}
{"timestamp":"2026-05-30T14:37:15.074756Z","level":"info","event":"Filling up the DagBag from /opt/airflow/dags/etl2.py","logger":"airflow.dag_processing.dagbag.BundleDagBag","filename":"dagbag.py","lineno":469}
{"timestamp":"2026-05-30T14:37:15.153025Z","level":"warning","event":"The `airflow.decorators.dag` attribute is deprecated. Please use `'airflow.sdk.dag'`.","category":"UserWarning","filename":"/opt/airflow/dags/etl2.py","lineno":6,"logger":"py.warnings"}
{"timestamp":"2026-05-30T14:37:15.153100Z","level":"warning","event":"The `airflow.decorators.task` attribute is deprecated. Please use `'airflow.sdk.task'`.","category":"UserWarning","filename":"/opt/airflow/dags/etl2.py","lineno":6,"logger":"py.warnings"}
{"timestamp":"2026-05-30T14:37:45.518799Z","level":"info","event":"Filling up the DagBag from /opt/airflow/dags/etl2.py","logger":"airflow.dag_processing.dagbag.BundleDagBag","filename":"dagbag.py","lineno":469}
{"timestamp":"2026-05-30T14:37:45.614626Z","level":"warning","event":"The `airflow.decorators.dag` attribute is deprecated. Please use `'airflow.sdk.dag'`.","category":"UserWarning","filename":"/opt/airflow/dags/etl2.py","lineno":6,"logger":"py.warnings"}
{"timestamp":"2026-05-30T14:37:45.614740Z","level":"warning","event":"The `airflow.decorators.task` attribute is deprecated. Please use `'airflow.sdk.task'`.","category":"UserWarning","filename":"/opt/airflow/dags/etl2.py","lineno":6,"logger":"py.warnings"}
{"timestamp":"2026-05-30T14:38:16.269998Z","level":"info","event":"Filling up the DagBag from /opt/airflow/dags/etl2.py","logger":"airflow.dag_processing.dagbag.BundleDagBag","filename":"dagbag.py","lineno":469}
{"timestamp":"2026-05-30T14:38:16.336909Z","level":"warning","event":"The `airflow.decorators.dag` attribute is deprecated. Please use `'airflow.sdk.dag'`.","category":"UserWarning","filename":"/opt/airflow/dags/etl2.py","lineno":6,"logger":"py.warnings"}
{"timestamp":"2026-05-30T14:38:16.336994Z","level":"warning","event":"The `airflow.decorators.task` attribute is deprecated. Please use `'airflow.sdk.task'`.","category":"UserWarning","filename":"/opt/airflow/dags/etl2.py","lineno":6,"logger":"py.warnings"}
{"timestamp":"2026-05-30T14:38:47.224904Z","level":"info","event":"Filling up the DagBag from /opt/airflow/dags/etl2.py","logger":"airflow.dag_processing.dagbag.BundleDagBag","filename":"dagbag.py","lineno":469}
{"timestamp":"2026-05-30T14:38:47.288422Z","level":"warning","event":"The `airflow.decorators.dag` attribute is deprecated. Please use `'airflow.sdk.dag'`.","category":"UserWarning","filename":"/opt/airflow/dags/etl2.py","lineno":6,"logger":"py.warnings"}
{"timestamp":"2026-05-30T14:38:47.288497Z","level":"warning","event":"The `airflow.decorators.task` attribute is deprecated. Please use `'airflow.sdk.task'`.","category":"UserWarning","filename":"/opt/airflow/dags/etl2.py","lineno":6,"logger":"py.warnings"}
{"timestamp":"2026-05-30T14:39:17.347387Z","level":"info","event":"Filling up the DagBag from /opt/airflow/dags/etl2.py","logger":"airflow.dag_processing.dagbag.BundleDagBag","filename":"dagbag.py","lineno":469}
{"timestamp":"2026-05-30T14:39:17.412517Z","level":"warning","event":"The `airflow.decorators.dag` attribute is deprecated. Please use `'airflow.sdk.dag'`.","category":"UserWarning","filename":"/opt/airflow/dags/etl2.py","lineno":6,"logger":"py.warnings"}
{"timestamp":"2026-05-30T14:39:17.412628Z","level":"warning","event":"The `airflow.decorators.task` attribute is deprecated. Please use `'airflow.sdk.task'`.","category":"UserWarning","filename":"/opt/airflow/dags/etl2.py","lineno":6,"logger":"py.warnings"}
{"timestamp":"2026-05-30T14:39:47.582684Z","level":"info","event":"Filling up the DagBag from /opt/airflow/dags/etl2.py","logger":"airflow.dag_processing.dagbag.BundleDagBag","filename":"dagbag.py","lineno":469}
{"timestamp":"2026-05-30T14:39:47.667463Z","level":"warning","event":"The `airflow.decorators.dag` attribute is deprecated. Please use `'airflow.sdk.dag'`.","category":"UserWarning","filename":"/opt/airflow/dags/etl2.py","lineno":6,"logger":"py.warnings"}
{"timestamp":"2026-05-30T14:39:47.667578Z","level":"warning","event":"The `airflow.decorators.task` attribute is deprecated. Please use `'airflow.sdk.task'`.","category":"UserWarning","filename":"/opt/airflow/dags/etl2.py","lineno":6,"logger":"py.warnings"}
{"timestamp":"2026-05-30T14:40:17.951604Z","level":"info","event":"Filling up the DagBag from /opt/airflow/dags/etl2.py","logger":"airflow.dag_processing.dagbag.BundleDagBag","filename":"dagbag.py","lineno":469}
{"timestamp":"2026-05-30T14:40:18.037378Z","level":"warning","event":"The `airflow.decorators.dag` attribute is deprecated. Please use `'airflow.sdk.dag'`.","category":"UserWarning","filename":"/opt/airflow/dags/etl2.py","lineno":6,"logger":"py.warnings"}
{"timestamp":"2026-05-30T14:40:18.037486Z","level":"warning","event":"The `airflow.decorators.task` attribute is deprecated. Please use `'airflow.sdk.task'`.","category":"UserWarning","filename":"/opt/airflow/dags/etl2.py","lineno":6,"logger":"py.warnings"}
{"timestamp":"2026-05-30T14:40:48.177718Z","level":"info","event":"Filling up the DagBag from /opt/airflow/dags/etl2.py","logger":"airflow.dag_processing.dagbag.BundleDagBag","filename":"dagbag.py","lineno":469}
{"timestamp":"2026-05-30T14:40:48.274572Z","level":"warning","event":"The `airflow.decorators.dag` attribute is deprecated. Please use `'airflow.sdk.dag'`.","category":"UserWarning","filename":"/opt/airflow/dags/etl2.py","lineno":6,"logger":"py.warnings"}
{"timestamp":"2026-05-30T14:40:48.274694Z","level":"warning","event":"The `airflow.decorators.task` attribute is deprecated. Please use `'airflow.sdk.task'`.","category":"UserWarning","filename":"/opt/airflow/dags/etl2.py","lineno":6,"logger":"py.warnings"}
{"timestamp":"2026-05-30T14:41:18.643406Z","level":"info","event":"Filling up the DagBag from /opt/airflow/dags/etl2.py","logger":"airflow.dag_processing.dagbag.BundleDagBag","filename":"dagbag.py","lineno":469}
{"timestamp":"2026-05-30T14:41:18.723146Z","level":"warning","event":"The `airflow.decorators.dag` attribute is deprecated. Please use `'airflow.sdk.dag'`.","category":"UserWarning","filename":"/opt/airflow/dags/etl2.py","lineno":6,"logger":"py.warnings"}
{"timestamp":"2026-05-30T14:41:18.723255Z","level":"warning","event":"The `airflow.decorators.task` attribute is deprecated. Please use `'airflow.sdk.task'`.","category":"UserWarning","filename":"/opt/airflow/dags/etl2.py","lineno":6,"logger":"py.warnings"}
{"timestamp":"2026-05-30T14:41:48.944761Z","level":"info","event":"Filling up the DagBag from /opt/airflow/dags/etl2.py","logger":"airflow.dag_processing.dagbag.BundleDagBag","filename":"dagbag.py","lineno":469}
{"timestamp":"2026-05-30T14:41:49.046108Z","level":"warning","event":"The `airflow.decorators.dag` attribute is deprecated. Please use `'airflow.sdk.dag'`.","category":"UserWarning","filename":"/opt/airflow/dags/etl2.py","lineno":6,"logger":"py.warnings"}
{"timestamp":"2026-05-30T14:41:49.046270Z","level":"warning","event":"The `airflow.decorators.task` attribute is deprecated. Please use `'airflow.sdk.task'`.","category":"UserWarning","filename":"/opt/airflow/dags/etl2.py","lineno":6,"logger":"py.warnings"}
{"timestamp":"2026-05-30T14:42:19.188585Z","level":"info","event":"Filling up the DagBag from /opt/airflow/dags/etl2.py","logger":"airflow.dag_processing.dagbag.BundleDagBag","filename":"dagbag.py","lineno":469}
{"timestamp":"2026-05-30T14:42:19.318450Z","level":"warning","event":"The `airflow.decorators.dag` attribute is deprecated. Please use `'airflow.sdk.dag'`.","category":"UserWarning","filename":"/opt/airflow/dags/etl2.py","lineno":6,"logger":"py.warnings"}
{"timestamp":"2026-05-30T14:42:19.318567Z","level":"warning","event":"The `airflow.decorators.task` attribute is deprecated. Please use `'airflow.sdk.task'`.","category":"UserWarning","filename":"/opt/airflow/dags/etl2.py","lineno":6,"logger":"py.warnings"}
{"timestamp":"2026-05-30T14:42:49.539965Z","level":"info","event":"Filling up the DagBag from /opt/airflow/dags/etl2.py","logger":"airflow.dag_processing.dagbag.BundleDagBag","filename":"dagbag.py","lineno":469}
{"timestamp":"2026-05-30T14:42:49.614413Z","level":"warning","event":"The `airflow.decorators.dag` attribute is deprecated. Please use `'airflow.sdk.dag'`.","category":"UserWarning","filename":"/opt/airflow/dags/etl2.py","lineno":6,"logger":"py.warnings"}
{"timestamp":"2026-05-30T14:42:49.614509Z","level":"warning","event":"The `airflow.decorators.task` attribute is deprecated. Please use `'airflow.sdk.task'`.","category":"UserWarning","filename":"/opt/airflow/dags/etl2.py","lineno":6,"logger":"py.warnings"}
{"timestamp":"2026-05-30T14:43:19.824392Z","level":"info","event":"Filling up the DagBag from /opt/airflow/dags/etl2.py","logger":"airflow.dag_processing.dagbag.BundleDagBag","filename":"dagbag.py","lineno":469}
{"timestamp":"2026-05-30T14:43:19.930984Z","level":"warning","event":"The `airflow.decorators.dag` attribute is deprecated. Please use `'airflow.sdk.dag'`.","category":"UserWarning","filename":"/opt/airflow/dags/etl2.py","lineno":6,"logger":"py.warnings"}
{"timestamp":"2026-05-30T14:43:19.931070Z","level":"warning","event":"The `airflow.decorators.task` attribute is deprecated. Please use `'airflow.sdk.task'`.","category":"UserWarning","filename":"/opt/airflow/dags/etl2.py","lineno":6,"logger":"py.warnings"}
{"timestamp":"2026-05-30T14:43:50.120553Z","level":"info","event":"Filling up the DagBag from /opt/airflow/dags/etl2.py","logger":"airflow.dag_processing.dagbag.BundleDagBag","filename":"dagbag.py","lineno":469}
{"timestamp":"2026-05-30T14:43:50.219638Z","level":"warning","event":"The `airflow.decorators.dag` attribute is deprecated. Please use `'airflow.sdk.dag'`.","category":"UserWarning","filename":"/opt/airflow/dags/etl2.py","lineno":6,"logger":"py.warnings"}
{"timestamp":"2026-05-30T14:43:50.219749Z","level":"warning","event":"The `airflow.decorators.task` attribute is deprecated. Please use `'airflow.sdk.task'`.","category":"UserWarning","filename":"/opt/airflow/dags/etl2.py","lineno":6,"logger":"py.warnings"}
{"timestamp":"2026-05-30T14:44:20.311186Z","level":"info","event":"Filling up the DagBag from /opt/airflow/dags/etl2.py","logger":"airflow.dag_processing.dagbag.BundleDagBag","filename":"dagbag.py","lineno":469}
{"timestamp":"2026-05-30T14:44:20.391929Z","level":"warning","event":"The `airflow.decorators.dag` attribute is deprecated. Please use `'airflow.sdk.dag'`.","category":"UserWarning","filename":"/opt/airflow/dags/etl2.py","lineno":6,"logger":"py.warnings"}
{"timestamp":"2026-05-30T14:44:20.394277Z","level":"warning","event":"The `airflow.decorators.task` attribute is deprecated. Please use `'airflow.sdk.task'`.","category":"UserWarning","filename":"/opt/airflow/dags/etl2.py","lineno":6,"logger":"py.warnings"}
{"timestamp":"2026-05-30T14:44:50.471880Z","level":"info","event":"Filling up the DagBag from /opt/airflow/dags/etl2.py","logger":"airflow.dag_processing.dagbag.BundleDagBag","filename":"dagbag.py","lineno":469}
{"timestamp":"2026-05-30T14:44:50.572915Z","level":"warning","event":"The `airflow.decorators.dag` attribute is deprecated. Please use `'airflow.sdk.dag'`.","category":"UserWarning","filename":"/opt/airflow/dags/etl2.py","lineno":6,"logger":"py.warnings"}
{"timestamp":"2026-05-30T14:44:50.574455Z","level":"warning","event":"The `airflow.decorators.task` attribute is deprecated. Please use `'airflow.sdk.task'`.","category":"UserWarning","filename":"/opt/airflow/dags/etl2.py","lineno":6,"logger":"py.warnings"}
{"timestamp":"2026-05-30T14:45:21.525756Z","level":"info","event":"Filling up the DagBag from /opt/airflow/dags/etl2.py","logger":"airflow.dag_processing.dagbag.BundleDagBag","filename":"dagbag.py","lineno":469}
{"timestamp":"2026-05-30T14:45:21.606678Z","level":"warning","event":"The `airflow.decorators.dag` attribute is deprecated. Please use `'airflow.sdk.dag'`.","category":"UserWarning","filename":"/opt/airflow/dags/etl2.py","lineno":6,"logger":"py.warnings"}
{"timestamp":"2026-05-30T14:45:21.606782Z","level":"warning","event":"The `airflow.decorators.task` attribute is deprecated. Please use `'airflow.sdk.task'`.","category":"UserWarning","filename":"/opt/airflow/dags/etl2.py","lineno":6,"logger":"py.warnings"}
{"timestamp":"2026-05-30T14:45:51.967422Z","level":"info","event":"Filling up the DagBag from /opt/airflow/dags/etl2.py","logger":"airflow.dag_processing.dagbag.BundleDagBag","filename":"dagbag.py","lineno":469}
{"timestamp":"2026-05-30T14:45:52.079765Z","level":"warning","event":"The `airflow.decorators.dag` attribute is deprecated. Please use `'airflow.sdk.dag'`.","category":"UserWarning","filename":"/opt/airflow/dags/etl2.py","lineno":6,"logger":"py.warnings"}
{"timestamp":"2026-05-30T14:45:52.079864Z","level":"warning","event":"The `airflow.decorators.task` attribute is deprecated. Please use `'airflow.sdk.task'`.","category":"UserWarning","filename":"/opt/airflow/dags/etl2.py","lineno":6,"logger":"py.warnings"}
{"timestamp":"2026-05-30T14:46:22.295519Z","level":"info","event":"Filling up the DagBag from /opt/airflow/dags/etl2.py","logger":"airflow.dag_processing.dagbag.BundleDagBag","filename":"dagbag.py","lineno":469}
{"timestamp":"2026-05-30T14:46:22.406024Z","level":"warning","event":"The `airflow.decorators.dag` attribute is deprecated. Please use `'airflow.sdk.dag'`.","category":"UserWarning","filename":"/opt/airflow/dags/etl2.py","lineno":6,"logger":"py.warnings"}
{"timestamp":"2026-05-30T14:46:22.406300Z","level":"warning","event":"The `airflow.decorators.task` attribute is deprecated. Please use `'airflow.sdk.task'`.","category":"UserWarning","filename":"/opt/airflow/dags/etl2.py","lineno":6,"logger":"py.warnings"}
{"timestamp":"2026-05-30T14:46:52.560753Z","level":"info","event":"Filling up the DagBag from /opt/airflow/dags/etl2.py","logger":"airflow.dag_processing.dagbag.BundleDagBag","filename":"dagbag.py","lineno":469}
{"timestamp":"2026-05-30T14:46:52.642680Z","level":"warning","event":"The `airflow.decorators.dag` attribute is deprecated. Please use `'airflow.sdk.dag'`.","category":"UserWarning","filename":"/opt/airflow/dags/etl2.py","lineno":6,"logger":"py.warnings"}
{"timestamp":"2026-05-30T14:46:52.642765Z","level":"warning","event":"The `airflow.decorators.task` attribute is deprecated. Please use `'airflow.sdk.task'`.","category":"UserWarning","filename":"/opt/airflow/dags/etl2.py","lineno":6,"logger":"py.warnings"}
{"timestamp":"2026-05-30T14:47:22.809109Z","level":"info","event":"Filling up the DagBag from /opt/airflow/dags/etl2.py","logger":"airflow.dag_processing.dagbag.BundleDagBag","filename":"dagbag.py","lineno":469}
{"timestamp":"2026-05-30T14:47:22.904350Z","level":"warning","event":"The `airflow.decorators.dag` attribute is deprecated. Please use `'airflow.sdk.dag'`.","category":"UserWarning","filename":"/opt/airflow/dags/etl2.py","lineno":6,"logger":"py.warnings"}
{"timestamp":"2026-05-30T14:47:22.904444Z","level":"warning","event":"The `airflow.decorators.task` attribute is deprecated. Please use `'airflow.sdk.task'`.","category":"UserWarning","filename":"/opt/airflow/dags/etl2.py","lineno":6,"logger":"py.warnings"}
{"timestamp":"2026-05-30T14:47:53.174331Z","level":"info","event":"Filling up the DagBag from /opt/airflow/dags/etl2.py","logger":"airflow.dag_processing.dagbag.BundleDagBag","filename":"dagbag.py","lineno":469}
{"timestamp":"2026-05-30T14:47:53.253808Z","level":"warning","event":"The `airflow.decorators.dag` attribute is deprecated. Please use `'airflow.sdk.dag'`.","category":"UserWarning","filename":"/opt/airflow/dags/etl2.py","lineno":6,"logger":"py.warnings"}
{"timestamp":"2026-05-30T14:47:53.253910Z","level":"warning","event":"The `airflow.decorators.task` attribute is deprecated. Please use `'airflow.sdk.task'`.","category":"UserWarning","filename":"/opt/airflow/dags/etl2.py","lineno":6,"logger":"py.warnings"}
{"timestamp":"2026-05-30T14:48:23.416848Z","level":"info","event":"Filling up the DagBag from /opt/airflow/dags/etl2.py","logger":"airflow.dag_processing.dagbag.BundleDagBag","filename":"dagbag.py","lineno":469}
{"timestamp":"2026-05-30T14:48:23.491674Z","level":"warning","event":"The `airflow.decorators.dag` attribute is deprecated. Please use `'airflow.sdk.dag'`.","category":"UserWarning","filename":"/opt/airflow/dags/etl2.py","lineno":6,"logger":"py.warnings"}
{"timestamp":"2026-05-30T14:48:23.491754Z","level":"warning","event":"The `airflow.decorators.task` attribute is deprecated. Please use `'airflow.sdk.task'`.","category":"UserWarning","filename":"/opt/airflow/dags/etl2.py","lineno":6,"logger":"py.warnings"}
{"timestamp":"2026-05-30T14:48:53.845872Z","level":"info","event":"Filling up the DagBag from /opt/airflow/dags/etl2.py","logger":"airflow.dag_processing.dagbag.BundleDagBag","filename":"dagbag.py","lineno":469}
{"timestamp":"2026-05-30T14:48:54.088643Z","level":"warning","event":"The `airflow.decorators.dag` attribute is deprecated. Please use `'airflow.sdk.dag'`.","category":"UserWarning","filename":"/opt/airflow/dags/etl2.py","lineno":6,"logger":"py.warnings"}
{"timestamp":"2026-05-30T14:48:54.088727Z","level":"warning","event":"The `airflow.decorators.task` attribute is deprecated. Please use `'airflow.sdk.task'`.","category":"UserWarning","filename":"/opt/airflow/dags/etl2.py","lineno":6,"logger":"py.warnings"}
{"timestamp":"2026-05-30T14:49:24.265095Z","level":"info","event":"Filling up the DagBag from /opt/airflow/dags/etl2.py","logger":"airflow.dag_processing.dagbag.BundleDagBag","filename":"dagbag.py","lineno":469}
{"timestamp":"2026-05-30T14:49:24.333849Z","level":"warning","event":"The `airflow.decorators.dag` attribute is deprecated. Please use `'airflow.sdk.dag'`.","category":"UserWarning","filename":"/opt/airflow/dags/etl2.py","lineno":6,"logger":"py.warnings"}
{"timestamp":"2026-05-30T14:49:24.333928Z","level":"warning","event":"The `airflow.decorators.task` attribute is deprecated. Please use `'airflow.sdk.task'`.","category":"UserWarning","filename":"/opt/airflow/dags/etl2.py","lineno":6,"logger":"py.warnings"}
{"timestamp":"2026-05-30T14:49:54.958717Z","level":"info","event":"Filling up the DagBag from /opt/airflow/dags/etl2.py","logger":"airflow.dag_processing.dagbag.BundleDagBag","filename":"dagbag.py","lineno":469}
{"timestamp":"2026-05-30T14:49:55.031496Z","level":"warning","event":"The `airflow.decorators.dag` attribute is deprecated. Please use `'airflow.sdk.dag'`.","category":"UserWarning","filename":"/opt/airflow/dags/etl2.py","lineno":6,"logger":"py.warnings"}
{"timestamp":"2026-05-30T14:49:55.031576Z","level":"warning","event":"The `airflow.decorators.task` attribute is deprecated. Please use `'airflow.sdk.task'`.","category":"UserWarning","filename":"/opt/airflow/dags/etl2.py","lineno":6,"logger":"py.warnings"}
{"timestamp":"2026-05-30T14:50:25.702848Z","level":"info","event":"Filling up the DagBag from /opt/airflow/dags/etl2.py","logger":"airflow.dag_processing.dagbag.BundleDagBag","filename":"dagbag.py","lineno":469}
{"timestamp":"2026-05-30T14:50:25.823770Z","level":"warning","event":"The `airflow.decorators.dag` attribute is deprecated. Please use `'airflow.sdk.dag'`.","category":"UserWarning","filename":"/opt/airflow/dags/etl2.py","lineno":6,"logger":"py.warnings"}
{"timestamp":"2026-05-30T14:50:25.823866Z","level":"warning","event":"The `airflow.decorators.task` attribute is deprecated. Please use `'airflow.sdk.task'`.","category":"UserWarning","filename":"/opt/airflow/dags/etl2.py","lineno":6,"logger":"py.warnings"}
{"timestamp":"2026-05-30T14:50:56.041273Z","level":"info","event":"Filling up the DagBag from /opt/airflow/dags/etl2.py","logger":"airflow.dag_processing.dagbag.BundleDagBag","filename":"dagbag.py","lineno":469}
{"timestamp":"2026-05-30T14:50:56.133123Z","level":"warning","event":"The `airflow.decorators.dag` attribute is deprecated. Please use `'airflow.sdk.dag'`.","category":"UserWarning","filename":"/opt/airflow/dags/etl2.py","lineno":6,"logger":"py.warnings"}
{"timestamp":"2026-05-30T14:50:56.133216Z","level":"warning","event":"The `airflow.decorators.task` attribute is deprecated. Please use `'airflow.sdk.task'`.","category":"UserWarning","filename":"/opt/airflow/dags/etl2.py","lineno":6,"logger":"py.warnings"}
{"timestamp":"2026-05-30T14:51:26.335404Z","level":"info","event":"Filling up the DagBag from /opt/airflow/dags/etl2.py","logger":"airflow.dag_processing.dagbag.BundleDagBag","filename":"dagbag.py","lineno":469}
{"timestamp":"2026-05-30T14:51:26.413665Z","level":"warning","event":"The `airflow.decorators.dag` attribute is deprecated. Please use `'airflow.sdk.dag'`.","category":"UserWarning","filename":"/opt/airflow/dags/etl2.py","lineno":6,"logger":"py.warnings"}
{"timestamp":"2026-05-30T14:51:26.413765Z","level":"warning","event":"The `airflow.decorators.task` attribute is deprecated. Please use `'airflow.sdk.task'`.","category":"UserWarning","filename":"/opt/airflow/dags/etl2.py","lineno":6,"logger":"py.warnings"}
{"timestamp":"2026-05-30T14:51:56.632591Z","level":"info","event":"Filling up the DagBag from /opt/airflow/dags/etl2.py","logger":"airflow.dag_processing.dagbag.BundleDagBag","filename":"dagbag.py","lineno":469}
{"timestamp":"2026-05-30T14:51:56.713706Z","level":"warning","event":"The `airflow.decorators.dag` attribute is deprecated. Please use `'airflow.sdk.dag'`.","category":"UserWarning","filename":"/opt/airflow/dags/etl2.py","lineno":6,"logger":"py.warnings"}
{"timestamp":"2026-05-30T14:51:56.713801Z","level":"warning","event":"The `airflow.decorators.task` attribute is deprecated. Please use `'airflow.sdk.task'`.","category":"UserWarning","filename":"/opt/airflow/dags/etl2.py","lineno":6,"logger":"py.warnings"}
{"timestamp":"2026-05-30T14:52:26.874645Z","level":"info","event":"Filling up the DagBag from /opt/airflow/dags/etl2.py","logger":"airflow.dag_processing.dagbag.BundleDagBag","filename":"dagbag.py","lineno":469}
{"timestamp":"2026-05-30T14:52:26.958459Z","level":"warning","event":"The `airflow.decorators.dag` attribute is deprecated. Please use `'airflow.sdk.dag'`.","category":"UserWarning","filename":"/opt/airflow/dags/etl2.py","lineno":6,"logger":"py.warnings"}
{"timestamp":"2026-05-30T14:52:26.958546Z","level":"warning","event":"The `airflow.decorators.task` attribute is deprecated. Please use `'airflow.sdk.task'`.","category":"UserWarning","filename":"/opt/airflow/dags/etl2.py","lineno":6,"logger":"py.warnings"}
{"timestamp":"2026-05-30T14:52:57.266404Z","level":"info","event":"Filling up the DagBag from /opt/airflow/dags/etl2.py","logger":"airflow.dag_processing.dagbag.BundleDagBag","filename":"dagbag.py","lineno":469}
{"timestamp":"2026-05-30T14:52:57.415346Z","level":"warning","event":"The `airflow.decorators.dag` attribute is deprecated. Please use `'airflow.sdk.dag'`.","category":"UserWarning","filename":"/opt/airflow/dags/etl2.py","lineno":6,"logger":"py.warnings"}
{"timestamp":"2026-05-30T14:52:57.415456Z","level":"warning","event":"The `airflow.decorators.task` attribute is deprecated. Please use `'airflow.sdk.task'`.","category":"UserWarning","filename":"/opt/airflow/dags/etl2.py","lineno":6,"logger":"py.warnings"}
{"timestamp":"2026-05-30T14:53:27.800239Z","level":"info","event":"Filling up the DagBag from /opt/airflow/dags/etl2.py","logger":"airflow.dag_processing.dagbag.BundleDagBag","filename":"dagbag.py","lineno":469}
{"timestamp":"2026-05-30T14:53:27.867454Z","level":"warning","event":"The `airflow.decorators.dag` attribute is deprecated. Please use `'airflow.sdk.dag'`.","category":"UserWarning","filename":"/opt/airflow/dags/etl2.py","lineno":6,"logger":"py.warnings"}
{"timestamp":"2026-05-30T14:53:27.867533Z","level":"warning","event":"The `airflow.decorators.task` attribute is deprecated. Please use `'airflow.sdk.task'`.","category":"UserWarning","filename":"/opt/airflow/dags/etl2.py","lineno":6,"logger":"py.warnings"}
{"timestamp":"2026-05-30T14:53:58.258800Z","level":"info","event":"Filling up the DagBag from /opt/airflow/dags/etl2.py","logger":"airflow.dag_processing.dagbag.BundleDagBag","filename":"dagbag.py","lineno":469}
{"timestamp":"2026-05-30T14:53:58.340988Z","level":"warning","event":"The `airflow.decorators.dag` attribute is deprecated. Please use `'airflow.sdk.dag'`.","category":"UserWarning","filename":"/opt/airflow/dags/etl2.py","lineno":6,"logger":"py.warnings"}
{"timestamp":"2026-05-30T14:53:58.342041Z","level":"warning","event":"The `airflow.decorators.task` attribute is deprecated. Please use `'airflow.sdk.task'`.","category":"UserWarning","filename":"/opt/airflow/dags/etl2.py","lineno":6,"logger":"py.warnings"}
{"timestamp":"2026-05-30T14:54:28.635807Z","level":"info","event":"Filling up the DagBag from /opt/airflow/dags/etl2.py","logger":"airflow.dag_processing.dagbag.BundleDagBag","filename":"dagbag.py","lineno":469}
{"timestamp":"2026-05-30T14:54:28.710021Z","level":"warning","event":"The `airflow.decorators.dag` attribute is deprecated. Please use `'airflow.sdk.dag'`.","category":"UserWarning","filename":"/opt/airflow/dags/etl2.py","lineno":6,"logger":"py.warnings"}
{"timestamp":"2026-05-30T14:54:28.711230Z","level":"warning","event":"The `airflow.decorators.task` attribute is deprecated. Please use `'airflow.sdk.task'`.","category":"UserWarning","filename":"/opt/airflow/dags/etl2.py","lineno":6,"logger":"py.warnings"}
{"timestamp":"2026-05-30T14:54:58.833104Z","level":"info","event":"Filling up the DagBag from /opt/airflow/dags/etl2.py","logger":"airflow.dag_processing.dagbag.BundleDagBag","filename":"dagbag.py","lineno":469}
{"timestamp":"2026-05-30T14:54:58.936924Z","level":"warning","event":"The `airflow.decorators.dag` attribute is deprecated. Please use `'airflow.sdk.dag'`.","category":"UserWarning","filename":"/opt/airflow/dags/etl2.py","lineno":6,"logger":"py.warnings"}
{"timestamp":"2026-05-30T14:54:58.937066Z","level":"warning","event":"The `airflow.decorators.task` attribute is deprecated. Please use `'airflow.sdk.task'`.","category":"UserWarning","filename":"/opt/airflow/dags/etl2.py","lineno":6,"logger":"py.warnings"}
{"timestamp":"2026-05-30T14:55:29.159794Z","level":"info","event":"Filling up the DagBag from /opt/airflow/dags/etl2.py","logger":"airflow.dag_processing.dagbag.BundleDagBag","filename":"dagbag.py","lineno":469}
{"timestamp":"2026-05-30T14:55:29.263504Z","level":"warning","event":"The `airflow.decorators.dag` attribute is deprecated. Please use `'airflow.sdk.dag'`.","category":"UserWarning","filename":"/opt/airflow/dags/etl2.py","lineno":6,"logger":"py.warnings"}
{"timestamp":"2026-05-30T14:55:29.263685Z","level":"warning","event":"The `airflow.decorators.task` attribute is deprecated. Please use `'airflow.sdk.task'`.","category":"UserWarning","filename":"/opt/airflow/dags/etl2.py","lineno":6,"logger":"py.warnings"}
{"timestamp":"2026-05-30T14:55:59.324417Z","level":"info","event":"Filling up the DagBag from /opt/airflow/dags/etl2.py","logger":"airflow.dag_processing.dagbag.BundleDagBag","filename":"dagbag.py","lineno":469}
{"timestamp":"2026-05-30T14:55:59.392301Z","level":"warning","event":"The `airflow.decorators.dag` attribute is deprecated. Please use `'airflow.sdk.dag'`.","category":"UserWarning","filename":"/opt/airflow/dags/etl2.py","lineno":6,"logger":"py.warnings"}
{"timestamp":"2026-05-30T14:55:59.392402Z","level":"warning","event":"The `airflow.decorators.task` attribute is deprecated. Please use `'airflow.sdk.task'`.","category":"UserWarning","filename":"/opt/airflow/dags/etl2.py","lineno":6,"logger":"py.warnings"}
{"timestamp":"2026-05-30T14:56:29.749137Z","level":"info","event":"Filling up the DagBag from /opt/airflow/dags/etl2.py","logger":"airflow.dag_processing.dagbag.BundleDagBag","filename":"dagbag.py","lineno":469}
{"timestamp":"2026-05-30T14:56:29.848401Z","level":"warning","event":"The `airflow.decorators.dag` attribute is deprecated. Please use `'airflow.sdk.dag'`.","category":"UserWarning","filename":"/opt/airflow/dags/etl2.py","lineno":6,"logger":"py.warnings"}
{"timestamp":"2026-05-30T14:56:29.848505Z","level":"warning","event":"The `airflow.decorators.task` attribute is deprecated. Please use `'airflow.sdk.task'`.","category":"UserWarning","filename":"/opt/airflow/dags/etl2.py","lineno":6,"logger":"py.warnings"}
{"timestamp":"2026-05-30T14:57:00.132461Z","level":"info","event":"Filling up the DagBag from /opt/airflow/dags/etl2.py","logger":"airflow.dag_processing.dagbag.BundleDagBag","filename":"dagbag.py","lineno":469}
{"timestamp":"2026-05-30T14:57:00.212069Z","level":"warning","event":"The `airflow.decorators.dag` attribute is deprecated. Please use `'airflow.sdk.dag'`.","category":"UserWarning","filename":"/opt/airflow/dags/etl2.py","lineno":6,"logger":"py.warnings"}
{"timestamp":"2026-05-30T14:57:00.212180Z","level":"warning","event":"The `airflow.decorators.task` attribute is deprecated. Please use `'airflow.sdk.task'`.","category":"UserWarning","filename":"/opt/airflow/dags/etl2.py","lineno":6,"logger":"py.warnings"}
{"timestamp":"2026-05-30T14:57:30.680355Z","level":"info","event":"Filling up the DagBag from /opt/airflow/dags/etl2.py","logger":"airflow.dag_processing.dagbag.BundleDagBag","filename":"dagbag.py","lineno":469}
{"timestamp":"2026-05-30T14:57:30.794503Z","level":"warning","event":"The `airflow.decorators.dag` attribute is deprecated. Please use `'airflow.sdk.dag'`.","category":"UserWarning","filename":"/opt/airflow/dags/etl2.py","lineno":6,"logger":"py.warnings"}
{"timestamp":"2026-05-30T14:57:30.794602Z","level":"warning","event":"The `airflow.decorators.task` attribute is deprecated. Please use `'airflow.sdk.task'`.","category":"UserWarning","filename":"/opt/airflow/dags/etl2.py","lineno":6,"logger":"py.warnings"}
{"timestamp":"2026-05-30T14:58:00.942943Z","level":"info","event":"Filling up the DagBag from /opt/airflow/dags/etl2.py","logger":"airflow.dag_processing.dagbag.BundleDagBag","filename":"dagbag.py","lineno":469}
{"timestamp":"2026-05-30T14:58:01.032715Z","level":"warning","event":"The `airflow.decorators.dag` attribute is deprecated. Please use `'airflow.sdk.dag'`.","category":"UserWarning","filename":"/opt/airflow/dags/etl2.py","lineno":6,"logger":"py.warnings"}
{"timestamp":"2026-05-30T14:58:01.032836Z","level":"warning","event":"The `airflow.decorators.task` attribute is deprecated. Please use `'airflow.sdk.task'`.","category":"UserWarning","filename":"/opt/airflow/dags/etl2.py","lineno":6,"logger":"py.warnings"}
{"timestamp":"2026-05-30T14:58:31.802069Z","level":"info","event":"Filling up the DagBag from /opt/airflow/dags/etl2.py","logger":"airflow.dag_processing.dagbag.BundleDagBag","filename":"dagbag.py","lineno":469}
{"timestamp":"2026-05-30T14:58:31.898774Z","level":"warning","event":"The `airflow.decorators.dag` attribute is deprecated. Please use `'airflow.sdk.dag'`.","category":"UserWarning","filename":"/opt/airflow/dags/etl2.py","lineno":6,"logger":"py.warnings"}
{"timestamp":"2026-05-30T14:58:31.898882Z","level":"warning","event":"The `airflow.decorators.task` attribute is deprecated. Please use `'airflow.sdk.task'`.","category":"UserWarning","filename":"/opt/airflow/dags/etl2.py","lineno":6,"logger":"py.warnings"}
{"timestamp":"2026-05-30T14:59:02.655238Z","level":"info","event":"Filling up the DagBag from /opt/airflow/dags/etl2.py","logger":"airflow.dag_processing.dagbag.BundleDagBag","filename":"dagbag.py","lineno":469}
{"timestamp":"2026-05-30T14:59:02.775252Z","level":"warning","event":"The `airflow.decorators.dag` attribute is deprecated. Please use `'airflow.sdk.dag'`.","category":"UserWarning","filename":"/opt/airflow/dags/etl2.py","lineno":6,"logger":"py.warnings"}
{"timestamp":"2026-05-30T14:59:02.775375Z","level":"warning","event":"The `airflow.decorators.task` attribute is deprecated. Please use `'airflow.sdk.task'`.","category":"UserWarning","filename":"/opt/airflow/dags/etl2.py","lineno":6,"logger":"py.warnings"}
{"timestamp":"2026-05-30T14:59:33.321720Z","level":"info","event":"Filling up the DagBag from /opt/airflow/dags/etl2.py","logger":"airflow.dag_processing.dagbag.BundleDagBag","filename":"dagbag.py","lineno":469}
{"timestamp":"2026-05-30T14:59:33.427449Z","level":"warning","event":"The `airflow.decorators.dag` attribute is deprecated. Please use `'airflow.sdk.dag'`.","category":"UserWarning","filename":"/opt/airflow/dags/etl2.py","lineno":6,"logger":"py.warnings"}
{"timestamp":"2026-05-30T14:59:33.427579Z","level":"warning","event":"The `airflow.decorators.task` attribute is deprecated. Please use `'airflow.sdk.task'`.","category":"UserWarning","filename":"/opt/airflow/dags/etl2.py","lineno":6,"logger":"py.warnings"}
{"timestamp":"2026-05-30T15:00:04.241080Z","level":"info","event":"Filling up the DagBag from /opt/airflow/dags/etl2.py","logger":"airflow.dag_processing.dagbag.BundleDagBag","filename":"dagbag.py","lineno":469}
{"timestamp":"2026-05-30T15:00:04.327038Z","level":"warning","event":"The `airflow.decorators.dag` attribute is deprecated. Please use `'airflow.sdk.dag'`.","category":"UserWarning","filename":"/opt/airflow/dags/etl2.py","lineno":6,"logger":"py.warnings"}
{"timestamp":"2026-05-30T15:00:04.327175Z","level":"warning","event":"The `airflow.decorators.task` attribute is deprecated. Please use `'airflow.sdk.task'`.","category":"UserWarning","filename":"/opt/airflow/dags/etl2.py","lineno":6,"logger":"py.warnings"}
{"timestamp":"2026-05-30T15:00:35.107172Z","level":"info","event":"Filling up the DagBag from /opt/airflow/dags/etl2.py","logger":"airflow.dag_processing.dagbag.BundleDagBag","filename":"dagbag.py","lineno":469}
{"timestamp":"2026-05-30T15:00:35.352039Z","level":"warning","event":"The `airflow.decorators.dag` attribute is deprecated. Please use `'airflow.sdk.dag'`.","category":"UserWarning","filename":"/opt/airflow/dags/etl2.py","lineno":6,"logger":"py.warnings"}
{"timestamp":"2026-05-30T15:00:35.352947Z","level":"warning","event":"The `airflow.decorators.task` attribute is deprecated. Please use `'airflow.sdk.task'`.","category":"UserWarning","filename":"/opt/airflow/dags/etl2.py","lineno":6,"logger":"py.warnings"}
{"timestamp":"2026-05-30T15:01:05.521680Z","level":"info","event":"Filling up the DagBag from /opt/airflow/dags/etl2.py","logger":"airflow.dag_processing.dagbag.BundleDagBag","filename":"dagbag.py","lineno":469}
{"timestamp":"2026-05-30T15:01:05.614807Z","level":"warning","event":"The `airflow.decorators.dag` attribute is deprecated. Please use `'airflow.sdk.dag'`.","category":"UserWarning","filename":"/opt/airflow/dags/etl2.py","lineno":6,"logger":"py.warnings"}
{"timestamp":"2026-05-30T15:01:05.614899Z","level":"warning","event":"The `airflow.decorators.task` attribute is deprecated. Please use `'airflow.sdk.task'`.","category":"UserWarning","filename":"/opt/airflow/dags/etl2.py","lineno":6,"logger":"py.warnings"}
{"timestamp":"2026-05-30T15:01:36.430100Z","level":"info","event":"Filling up the DagBag from /opt/airflow/dags/etl2.py","logger":"airflow.dag_processing.dagbag.BundleDagBag","filename":"dagbag.py","lineno":469}
{"timestamp":"2026-05-30T15:01:36.499982Z","level":"warning","event":"The `airflow.decorators.dag` attribute is deprecated. Please use `'airflow.sdk.dag'`.","category":"UserWarning","filename":"/opt/airflow/dags/etl2.py","lineno":6,"logger":"py.warnings"}
{"timestamp":"2026-05-30T15:01:36.500808Z","level":"warning","event":"The `airflow.decorators.task` attribute is deprecated. Please use `'airflow.sdk.task'`.","category":"UserWarning","filename":"/opt/airflow/dags/etl2.py","lineno":6,"logger":"py.warnings"}
{"timestamp":"2026-05-30T15:02:06.976048Z","level":"info","event":"Filling up the DagBag from /opt/airflow/dags/etl2.py","logger":"airflow.dag_processing.dagbag.BundleDagBag","filename":"dagbag.py","lineno":469}
{"timestamp":"2026-05-30T15:02:07.042957Z","level":"warning","event":"The `airflow.decorators.dag` attribute is deprecated. Please use `'airflow.sdk.dag'`.","category":"UserWarning","filename":"/opt/airflow/dags/etl2.py","lineno":6,"logger":"py.warnings"}
{"timestamp":"2026-05-30T15:02:07.043713Z","level":"warning","event":"The `airflow.decorators.task` attribute is deprecated. Please use `'airflow.sdk.task'`.","category":"UserWarning","filename":"/opt/airflow/dags/etl2.py","lineno":6,"logger":"py.warnings"}
{"timestamp":"2026-05-30T15:02:37.219671Z","level":"info","event":"Filling up the DagBag from /opt/airflow/dags/etl2.py","logger":"airflow.dag_processing.dagbag.BundleDagBag","filename":"dagbag.py","lineno":469}
{"timestamp":"2026-05-30T15:02:37.296087Z","level":"warning","event":"The `airflow.decorators.dag` attribute is deprecated. Please use `'airflow.sdk.dag'`.","category":"UserWarning","filename":"/opt/airflow/dags/etl2.py","lineno":6,"logger":"py.warnings"}
{"timestamp":"2026-05-30T15:02:37.296192Z","level":"warning","event":"The `airflow.decorators.task` attribute is deprecated. Please use `'airflow.sdk.task'`.","category":"UserWarning","filename":"/opt/airflow/dags/etl2.py","lineno":6,"logger":"py.warnings"}
{"timestamp":"2026-05-30T15:03:07.618801Z","level":"info","event":"Filling up the DagBag from /opt/airflow/dags/etl2.py","logger":"airflow.dag_processing.dagbag.BundleDagBag","filename":"dagbag.py","lineno":469}
{"timestamp":"2026-05-30T15:03:07.719341Z","level":"warning","event":"The `airflow.decorators.dag` attribute is deprecated. Please use `'airflow.sdk.dag'`.","category":"UserWarning","filename":"/opt/airflow/dags/etl2.py","lineno":6,"logger":"py.warnings"}
{"timestamp":"2026-05-30T15:03:07.719451Z","level":"warning","event":"The `airflow.decorators.task` attribute is deprecated. Please use `'airflow.sdk.task'`.","category":"UserWarning","filename":"/opt/airflow/dags/etl2.py","lineno":6,"logger":"py.warnings"}
{"timestamp":"2026-05-30T15:03:38.696790Z","level":"info","event":"Filling up the DagBag from /opt/airflow/dags/etl2.py","logger":"airflow.dag_processing.dagbag.BundleDagBag","filename":"dagbag.py","lineno":469}
{"timestamp":"2026-05-30T15:03:38.762612Z","level":"warning","event":"The `airflow.decorators.dag` attribute is deprecated. Please use `'airflow.sdk.dag'`.","category":"UserWarning","filename":"/opt/airflow/dags/etl2.py","lineno":6,"logger":"py.warnings"}
{"timestamp":"2026-05-30T15:03:38.762707Z","level":"warning","event":"The `airflow.decorators.task` attribute is deprecated. Please use `'airflow.sdk.task'`.","category":"UserWarning","filename":"/opt/airflow/dags/etl2.py","lineno":6,"logger":"py.warnings"}
{"timestamp":"2026-05-30T15:04:09.613360Z","level":"info","event":"Filling up the DagBag from /opt/airflow/dags/etl2.py","logger":"airflow.dag_processing.dagbag.BundleDagBag","filename":"dagbag.py","lineno":469}
{"timestamp":"2026-05-30T15:04:09.672683Z","level":"warning","event":"The `airflow.decorators.dag` attribute is deprecated. Please use `'airflow.sdk.dag'`.","category":"UserWarning","filename":"/opt/airflow/dags/etl2.py","lineno":6,"logger":"py.warnings"}
{"timestamp":"2026-05-30T15:04:09.672764Z","level":"warning","event":"The `airflow.decorators.task` attribute is deprecated. Please use `'airflow.sdk.task'`.","category":"UserWarning","filename":"/opt/airflow/dags/etl2.py","lineno":6,"logger":"py.warnings"}
{"timestamp":"2026-05-30T15:04:40.383470Z","level":"info","event":"Filling up the DagBag from /opt/airflow/dags/etl2.py","logger":"airflow.dag_processing.dagbag.BundleDagBag","filename":"dagbag.py","lineno":469}
{"timestamp":"2026-05-30T15:04:40.469368Z","level":"warning","event":"The `airflow.decorators.dag` attribute is deprecated. Please use `'airflow.sdk.dag'`.","category":"UserWarning","filename":"/opt/airflow/dags/etl2.py","lineno":6,"logger":"py.warnings"}
{"timestamp":"2026-05-30T15:04:40.469484Z","level":"warning","event":"The `airflow.decorators.task` attribute is deprecated. Please use `'airflow.sdk.task'`.","category":"UserWarning","filename":"/opt/airflow/dags/etl2.py","lineno":6,"logger":"py.warnings"}
{"timestamp":"2026-05-30T15:05:10.868379Z","level":"info","event":"Filling up the DagBag from /opt/airflow/dags/etl2.py","logger":"airflow.dag_processing.dagbag.BundleDagBag","filename":"dagbag.py","lineno":469}
{"timestamp":"2026-05-30T15:05:10.949346Z","level":"warning","event":"The `airflow.decorators.dag` attribute is deprecated. Please use `'airflow.sdk.dag'`.","category":"UserWarning","filename":"/opt/airflow/dags/etl2.py","lineno":6,"logger":"py.warnings"}
{"timestamp":"2026-05-30T15:05:10.949436Z","level":"warning","event":"The `airflow.decorators.task` attribute is deprecated. Please use `'airflow.sdk.task'`.","category":"UserWarning","filename":"/opt/airflow/dags/etl2.py","lineno":6,"logger":"py.warnings"}
{"timestamp":"2026-05-30T15:05:41.523168Z","level":"info","event":"Filling up the DagBag from /opt/airflow/dags/etl2.py","logger":"airflow.dag_processing.dagbag.BundleDagBag","filename":"dagbag.py","lineno":469}
{"timestamp":"2026-05-30T15:05:41.604592Z","level":"warning","event":"The `airflow.decorators.dag` attribute is deprecated. Please use `'airflow.sdk.dag'`.","category":"UserWarning","filename":"/opt/airflow/dags/etl2.py","lineno":6,"logger":"py.warnings"}
{"timestamp":"2026-05-30T15:05:41.604709Z","level":"warning","event":"The `airflow.decorators.task` attribute is deprecated. Please use `'airflow.sdk.task'`.","category":"UserWarning","filename":"/opt/airflow/dags/etl2.py","lineno":6,"logger":"py.warnings"}
{"timestamp":"2026-05-30T15:06:12.195680Z","level":"info","event":"Filling up the DagBag from /opt/airflow/dags/etl2.py","logger":"airflow.dag_processing.dagbag.BundleDagBag","filename":"dagbag.py","lineno":469}
{"timestamp":"2026-05-30T15:06:12.291974Z","level":"warning","event":"The `airflow.decorators.dag` attribute is deprecated. Please use `'airflow.sdk.dag'`.","category":"UserWarning","filename":"/opt/airflow/dags/etl2.py","lineno":6,"logger":"py.warnings"}
{"timestamp":"2026-05-30T15:06:12.293428Z","level":"warning","event":"The `airflow.decorators.task` attribute is deprecated. Please use `'airflow.sdk.task'`.","category":"UserWarning","filename":"/opt/airflow/dags/etl2.py","lineno":6,"logger":"py.warnings"}
{"timestamp":"2026-05-30T15:06:43.287544Z","level":"info","event":"Filling up the DagBag from /opt/airflow/dags/etl2.py","logger":"airflow.dag_processing.dagbag.BundleDagBag","filename":"dagbag.py","lineno":469}
{"timestamp":"2026-05-30T15:06:43.376944Z","level":"warning","event":"The `airflow.decorators.dag` attribute is deprecated. Please use `'airflow.sdk.dag'`.","category":"UserWarning","filename":"/opt/airflow/dags/etl2.py","lineno":6,"logger":"py.warnings"}
{"timestamp":"2026-05-30T15:06:43.378181Z","level":"warning","event":"The `airflow.decorators.task` attribute is deprecated. Please use `'airflow.sdk.task'`.","category":"UserWarning","filename":"/opt/airflow/dags/etl2.py","lineno":6,"logger":"py.warnings"}
{"timestamp":"2026-05-30T15:07:13.523530Z","level":"info","event":"Filling up the DagBag from /opt/airflow/dags/etl2.py","logger":"airflow.dag_processing.dagbag.BundleDagBag","filename":"dagbag.py","lineno":469}
{"timestamp":"2026-05-30T15:07:13.588519Z","level":"warning","event":"The `airflow.decorators.dag` attribute is deprecated. Please use `'airflow.sdk.dag'`.","category":"UserWarning","filename":"/opt/airflow/dags/etl2.py","lineno":6,"logger":"py.warnings"}
{"timestamp":"2026-05-30T15:07:13.588597Z","level":"warning","event":"The `airflow.decorators.task` attribute is deprecated. Please use `'airflow.sdk.task'`.","category":"UserWarning","filename":"/opt/airflow/dags/etl2.py","lineno":6,"logger":"py.warnings"}
{"timestamp":"2026-05-30T15:07:44.378857Z","level":"info","event":"Filling up the DagBag from /opt/airflow/dags/etl2.py","logger":"airflow.dag_processing.dagbag.BundleDagBag","filename":"dagbag.py","lineno":469}
{"timestamp":"2026-05-30T15:07:44.458215Z","level":"warning","event":"The `airflow.decorators.dag` attribute is deprecated. Please use `'airflow.sdk.dag'`.","category":"UserWarning","filename":"/opt/airflow/dags/etl2.py","lineno":6,"logger":"py.warnings"}
{"timestamp":"2026-05-30T15:07:44.458326Z","level":"warning","event":"The `airflow.decorators.task` attribute is deprecated. Please use `'airflow.sdk.task'`.","category":"UserWarning","filename":"/opt/airflow/dags/etl2.py","lineno":6,"logger":"py.warnings"}
{"timestamp":"2026-05-30T15:08:15.468904Z","level":"info","event":"Filling up the DagBag from /opt/airflow/dags/etl2.py","logger":"airflow.dag_processing.dagbag.BundleDagBag","filename":"dagbag.py","lineno":469}
{"timestamp":"2026-05-30T15:08:15.551351Z","level":"warning","event":"The `airflow.decorators.dag` attribute is deprecated. Please use `'airflow.sdk.dag'`.","category":"UserWarning","filename":"/opt/airflow/dags/etl2.py","lineno":6,"logger":"py.warnings"}
{"timestamp":"2026-05-30T15:08:15.551457Z","level":"warning","event":"The `airflow.decorators.task` attribute is deprecated. Please use `'airflow.sdk.task'`.","category":"UserWarning","filename":"/opt/airflow/dags/etl2.py","lineno":6,"logger":"py.warnings"}
{"timestamp":"2026-05-30T15:08:46.632567Z","level":"info","event":"Filling up the DagBag from /opt/airflow/dags/etl2.py","logger":"airflow.dag_processing.dagbag.BundleDagBag","filename":"dagbag.py","lineno":469}
{"timestamp":"2026-05-30T15:08:46.716817Z","level":"warning","event":"The `airflow.decorators.dag` attribute is deprecated. Please use `'airflow.sdk.dag'`.","category":"UserWarning","filename":"/opt/airflow/dags/etl2.py","lineno":6,"logger":"py.warnings"}
{"timestamp":"2026-05-30T15:08:46.716923Z","level":"warning","event":"The `airflow.decorators.task` attribute is deprecated. Please use `'airflow.sdk.task'`.","category":"UserWarning","filename":"/opt/airflow/dags/etl2.py","lineno":6,"logger":"py.warnings"}
{"timestamp":"2026-05-30T15:09:17.636841Z","level":"info","event":"Filling up the DagBag from /opt/airflow/dags/etl2.py","logger":"airflow.dag_processing.dagbag.BundleDagBag","filename":"dagbag.py","lineno":469}
{"timestamp":"2026-05-30T15:09:17.705752Z","level":"warning","event":"The `airflow.decorators.dag` attribute is deprecated. Please use `'airflow.sdk.dag'`.","category":"UserWarning","filename":"/opt/airflow/dags/etl2.py","lineno":6,"logger":"py.warnings"}
{"timestamp":"2026-05-30T15:09:17.705847Z","level":"warning","event":"The `airflow.decorators.task` attribute is deprecated. Please use `'airflow.sdk.task'`.","category":"UserWarning","filename":"/opt/airflow/dags/etl2.py","lineno":6,"logger":"py.warnings"}
{"timestamp":"2026-05-30T15:09:48.513449Z","level":"info","event":"Filling up the DagBag from /opt/airflow/dags/etl2.py","logger":"airflow.dag_processing.dagbag.BundleDagBag","filename":"dagbag.py","lineno":469}
{"timestamp":"2026-05-30T15:09:48.613659Z","level":"warning","event":"The `airflow.decorators.dag` attribute is deprecated. Please use `'airflow.sdk.dag'`.","category":"UserWarning","filename":"/opt/airflow/dags/etl2.py","lineno":6,"logger":"py.warnings"}
{"timestamp":"2026-05-30T15:09:48.613751Z","level":"warning","event":"The `airflow.decorators.task` attribute is deprecated. Please use `'airflow.sdk.task'`.","category":"UserWarning","filename":"/opt/airflow/dags/etl2.py","lineno":6,"logger":"py.warnings"}
{"timestamp":"2026-05-30T15:10:18.960169Z","level":"info","event":"Filling up the DagBag from /opt/airflow/dags/etl2.py","logger":"airflow.dag_processing.dagbag.BundleDagBag","filename":"dagbag.py","lineno":469}
{"timestamp":"2026-05-30T15:10:19.020089Z","level":"warning","event":"The `airflow.decorators.dag` attribute is deprecated. Please use `'airflow.sdk.dag'`.","category":"UserWarning","filename":"/opt/airflow/dags/etl2.py","lineno":6,"logger":"py.warnings"}
{"timestamp":"2026-05-30T15:10:19.020178Z","level":"warning","event":"The `airflow.decorators.task` attribute is deprecated. Please use `'airflow.sdk.task'`.","category":"UserWarning","filename":"/opt/airflow/dags/etl2.py","lineno":6,"logger":"py.warnings"}
{"timestamp":"2026-05-30T15:10:49.436015Z","level":"info","event":"Filling up the DagBag from /opt/airflow/dags/etl2.py","logger":"airflow.dag_processing.dagbag.BundleDagBag","filename":"dagbag.py","lineno":469}
{"timestamp":"2026-05-30T15:10:49.521392Z","level":"warning","event":"The `airflow.decorators.dag` attribute is deprecated. Please use `'airflow.sdk.dag'`.","category":"UserWarning","filename":"/opt/airflow/dags/etl2.py","lineno":6,"logger":"py.warnings"}
{"timestamp":"2026-05-30T15:10:49.521506Z","level":"warning","event":"The `airflow.decorators.task` attribute is deprecated. Please use `'airflow.sdk.task'`.","category":"UserWarning","filename":"/opt/airflow/dags/etl2.py","lineno":6,"logger":"py.warnings"}
{"timestamp":"2026-05-30T15:11:20.119937Z","level":"info","event":"Filling up the DagBag from /opt/airflow/dags/etl2.py","logger":"airflow.dag_processing.dagbag.BundleDagBag","filename":"dagbag.py","lineno":469}
{"timestamp":"2026-05-30T15:11:20.188865Z","level":"warning","event":"The `airflow.decorators.dag` attribute is deprecated. Please use `'airflow.sdk.dag'`.","category":"UserWarning","filename":"/opt/airflow/dags/etl2.py","lineno":6,"logger":"py.warnings"}
{"timestamp":"2026-05-30T15:11:20.189677Z","level":"warning","event":"The `airflow.decorators.task` attribute is deprecated. Please use `'airflow.sdk.task'`.","category":"UserWarning","filename":"/opt/airflow/dags/etl2.py","lineno":6,"logger":"py.warnings"}
{"timestamp":"2026-05-30T15:11:51.142802Z","level":"info","event":"Filling up the DagBag from /opt/airflow/dags/etl2.py","logger":"airflow.dag_processing.dagbag.BundleDagBag","filename":"dagbag.py","lineno":469}
{"timestamp":"2026-05-30T15:11:51.236275Z","level":"warning","event":"The `airflow.decorators.dag` attribute is deprecated. Please use `'airflow.sdk.dag'`.","category":"UserWarning","filename":"/opt/airflow/dags/etl2.py","lineno":6,"logger":"py.warnings"}
{"timestamp":"2026-05-30T15:11:51.236379Z","level":"warning","event":"The `airflow.decorators.task` attribute is deprecated. Please use `'airflow.sdk.task'`.","category":"UserWarning","filename":"/opt/airflow/dags/etl2.py","lineno":6,"logger":"py.warnings"}
{"timestamp":"2026-05-30T15:12:21.947443Z","level":"info","event":"Filling up the DagBag from /opt/airflow/dags/etl2.py","logger":"airflow.dag_processing.dagbag.BundleDagBag","filename":"dagbag.py","lineno":469}
{"timestamp":"2026-05-30T15:12:22.034477Z","level":"warning","event":"The `airflow.decorators.dag` attribute is deprecated. Please use `'airflow.sdk.dag'`.","category":"UserWarning","filename":"/opt/airflow/dags/etl2.py","lineno":6,"logger":"py.warnings"}
{"timestamp":"2026-05-30T15:12:22.034590Z","level":"warning","event":"The `airflow.decorators.task` attribute is deprecated. Please use `'airflow.sdk.task'`.","category":"UserWarning","filename":"/opt/airflow/dags/etl2.py","lineno":6,"logger":"py.warnings"}
{"timestamp":"2026-05-30T15:12:52.603353Z","level":"info","event":"Filling up the DagBag from /opt/airflow/dags/etl2.py","logger":"airflow.dag_processing.dagbag.BundleDagBag","filename":"dagbag.py","lineno":469}
{"timestamp":"2026-05-30T15:12:52.829916Z","level":"warning","event":"The `airflow.decorators.dag` attribute is deprecated. Please use `'airflow.sdk.dag'`.","category":"UserWarning","filename":"/opt/airflow/dags/etl2.py","lineno":6,"logger":"py.warnings"}
{"timestamp":"2026-05-30T15:12:52.830031Z","level":"warning","event":"The `airflow.decorators.task` attribute is deprecated. Please use `'airflow.sdk.task'`.","category":"UserWarning","filename":"/opt/airflow/dags/etl2.py","lineno":6,"logger":"py.warnings"}
